[2m2019-11-11 17:25:24.044[0;39m [32m INFO[0;39m [35m13116[0;39m [2m---[0;39m [2m[           main][0;39m [36ms.c.a.AnnotationConfigApplicationContext[0;39m [2m:[0;39m Refreshing org.springframework.context.annotation.AnnotationConfigApplicationContext@20b12f8a: startup date [Mon Nov 11 17:25:24 CST 2019]; root of context hierarchy
[2m2019-11-11 17:25:24.585[0;39m [32m INFO[0;39m [35m13116[0;39m [2m---[0;39m [2m[           main][0;39m [36mf.a.AutowiredAnnotationBeanPostProcessor[0;39m [2m:[0;39m JSR-330 'javax.inject.Inject' annotation found and supported for autowiring
[2m2019-11-11 17:25:24.704[0;39m [32m INFO[0;39m [35m13116[0;39m [2m---[0;39m [2m[           main][0;39m [36mtrationDelegate$BeanPostProcessorChecker[0;39m [2m:[0;39m Bean 'configurationPropertiesRebinderAutoConfiguration' of type [org.springframework.cloud.autoconfigure.ConfigurationPropertiesRebinderAutoConfiguration$$EnhancerBySpringCGLIB$$cb6502ea] is not eligible for getting processed by all BeanPostProcessors (for example: not eligible for auto-proxying)
[2m2019-11-11 17:25:25.723[0;39m [32m INFO[0;39m [35m13116[0;39m [2m---[0;39m [2m[           main][0;39m [36mcom.example.person.PersonApplication    [0;39m [2m:[0;39m The following profiles are active: base
[2m2019-11-11 17:25:25.755[0;39m [32m INFO[0;39m [35m13116[0;39m [2m---[0;39m [2m[           main][0;39m [36mConfigServletWebServerApplicationContext[0;39m [2m:[0;39m Refreshing org.springframework.boot.web.servlet.context.AnnotationConfigServletWebServerApplicationContext@5b6e8f77: startup date [Mon Nov 11 17:25:25 CST 2019]; parent: org.springframework.context.annotation.AnnotationConfigApplicationContext@20b12f8a
[2m2019-11-11 17:25:28.871[0;39m [32m INFO[0;39m [35m13116[0;39m [2m---[0;39m [2m[           main][0;39m [36mo.s.cloud.context.scope.GenericScope    [0;39m [2m:[0;39m BeanFactory id=3e2bec9c-1bb2-329d-a71a-72dcf85b7f0e
[2m2019-11-11 17:25:28.891[0;39m [32m INFO[0;39m [35m13116[0;39m [2m---[0;39m [2m[           main][0;39m [36mf.a.AutowiredAnnotationBeanPostProcessor[0;39m [2m:[0;39m JSR-330 'javax.inject.Inject' annotation found and supported for autowiring
[2m2019-11-11 17:25:29.187[0;39m [32m INFO[0;39m [35m13116[0;39m [2m---[0;39m [2m[           main][0;39m [36mtrationDelegate$BeanPostProcessorChecker[0;39m [2m:[0;39m Bean 'org.springframework.transaction.annotation.ProxyTransactionManagementConfiguration' of type [org.springframework.transaction.annotation.ProxyTransactionManagementConfiguration$$EnhancerBySpringCGLIB$$af4affed] is not eligible for getting processed by all BeanPostProcessors (for example: not eligible for auto-proxying)
[2m2019-11-11 17:25:29.265[0;39m [32m INFO[0;39m [35m13116[0;39m [2m---[0;39m [2m[           main][0;39m [36mtrationDelegate$BeanPostProcessorChecker[0;39m [2m:[0;39m Bean 'org.springframework.cloud.autoconfigure.ConfigurationPropertiesRebinderAutoConfiguration' of type [org.springframework.cloud.autoconfigure.ConfigurationPropertiesRebinderAutoConfiguration$$EnhancerBySpringCGLIB$$cb6502ea] is not eligible for getting processed by all BeanPostProcessors (for example: not eligible for auto-proxying)
[2m2019-11-11 17:25:30.063[0;39m [32m INFO[0;39m [35m13116[0;39m [2m---[0;39m [2m[           main][0;39m [36mo.s.b.w.embedded.tomcat.TomcatWebServer [0;39m [2m:[0;39m Tomcat initialized with port(s): 8762 (http)
[2m2019-11-11 17:25:30.136[0;39m [32m INFO[0;39m [35m13116[0;39m [2m---[0;39m [2m[           main][0;39m [36mo.a.coyote.http11.Http11NioProtocol     [0;39m [2m:[0;39m Initializing ProtocolHandler ["http-nio-8762"]
[2m2019-11-11 17:25:30.154[0;39m [32m INFO[0;39m [35m13116[0;39m [2m---[0;39m [2m[           main][0;39m [36mo.apache.catalina.core.StandardService  [0;39m [2m:[0;39m Starting service [Tomcat]
[2m2019-11-11 17:25:30.155[0;39m [32m INFO[0;39m [35m13116[0;39m [2m---[0;39m [2m[           main][0;39m [36morg.apache.catalina.core.StandardEngine [0;39m [2m:[0;39m Starting Servlet Engine: Apache Tomcat/8.5.31
[2m2019-11-11 17:25:30.168[0;39m [32m INFO[0;39m [35m13116[0;39m [2m---[0;39m [2m[ost-startStop-1][0;39m [36mo.a.catalina.core.AprLifecycleListener  [0;39m [2m:[0;39m The APR based Apache Tomcat Native library which allows optimal performance in production environments was not found on the java.library.path: [C:\Program Files\Java\jdk1.8.0_171\bin;C:\WINDOWS\Sun\Java\bin;C:\WINDOWS\system32;C:\WINDOWS;c:\oracle\product\10.2.0\client_1\bin;C:\Program Files (x86)\Intel\iCLS Client\;C:\Program Files\Intel\iCLS Client\;C:\WINDOWS\system32;C:\WINDOWS;C:\WINDOWS\System32\Wbem;C:\WINDOWS\System32\WindowsPowerShell\v1.0\;C:\Program Files (x86)\Intel\Intel(R) Management Engine Components\DAL;C:\Program Files\Intel\Intel(R) Management Engine Components\DAL;C:\Program Files (x86)\Intel\Intel(R) Management Engine Components\IPT;C:\Program Files\Intel\Intel(R) Management Engine Components\IPT;C:\Windows\CCM;C:\Windows\CCM;C:\Program Files\Java\jdk1.8.0_171\bin;C:\Program Files\Java\jdk1.8.0_171\jre\bin;C:\Program Files\Git\cmd;C:\strawberry\c\bin;C:\strawberry\perl\bin;C:\Program Files\TortoiseSVN\bin;C:\Program Files\nodejs\;D:\360安全浏览器下载\Fiddler2;D:\apache-maven-3.5.3\bin;C:\Users\lu.yang\AppData\Roaming\npm;F:\Microsoft VS Code\bin;.]
[2m2019-11-11 17:25:30.861[0;39m [32m INFO[0;39m [35m13116[0;39m [2m---[0;39m [2m[ost-startStop-1][0;39m [36mo.a.c.c.C.[Tomcat].[localhost].[/]      [0;39m [2m:[0;39m Initializing Spring embedded WebApplicationContext
[2m2019-11-11 17:25:30.861[0;39m [32m INFO[0;39m [35m13116[0;39m [2m---[0;39m [2m[ost-startStop-1][0;39m [36mo.s.web.context.ContextLoader           [0;39m [2m:[0;39m Root WebApplicationContext: initialization completed in 5106 ms
[2m2019-11-11 17:25:31.681[0;39m [32m INFO[0;39m [35m13116[0;39m [2m---[0;39m [2m[ost-startStop-1][0;39m [36mc.n.c.sources.URLConfigurationSource    [0;39m [2m:[0;39m To enable URLs as dynamic configuration sources, define System property archaius.configurationSource.additionalUrls or make config.properties available on classpath.
[2m2019-11-11 17:25:31.743[0;39m [32m INFO[0;39m [35m13116[0;39m [2m---[0;39m [2m[ost-startStop-1][0;39m [36mc.netflix.config.DynamicPropertyFactory [0;39m [2m:[0;39m DynamicPropertyFactory is initialized with configuration sources: com.netflix.config.ConcurrentCompositeConfiguration@1b23f185
[2m2019-11-11 17:25:34.873[0;39m [32m INFO[0;39m [35m13116[0;39m [2m---[0;39m [2m[ost-startStop-1][0;39m [36mo.s.b.w.servlet.ServletRegistrationBean [0;39m [2m:[0;39m Servlet dispatcherServlet mapped to [/]
[2m2019-11-11 17:25:34.894[0;39m [32m INFO[0;39m [35m13116[0;39m [2m---[0;39m [2m[ost-startStop-1][0;39m [36mo.s.b.w.servlet.FilterRegistrationBean  [0;39m [2m:[0;39m Mapping filter: 'characterEncodingFilter' to: [/*]
[2m2019-11-11 17:25:34.894[0;39m [32m INFO[0;39m [35m13116[0;39m [2m---[0;39m [2m[ost-startStop-1][0;39m [36mo.s.b.w.servlet.FilterRegistrationBean  [0;39m [2m:[0;39m Mapping filter: 'hiddenHttpMethodFilter' to: [/*]
[2m2019-11-11 17:25:34.894[0;39m [32m INFO[0;39m [35m13116[0;39m [2m---[0;39m [2m[ost-startStop-1][0;39m [36mo.s.b.w.servlet.FilterRegistrationBean  [0;39m [2m:[0;39m Mapping filter: 'httpPutFormContentFilter' to: [/*]
[2m2019-11-11 17:25:34.894[0;39m [32m INFO[0;39m [35m13116[0;39m [2m---[0;39m [2m[ost-startStop-1][0;39m [36mo.s.b.w.servlet.FilterRegistrationBean  [0;39m [2m:[0;39m Mapping filter: 'requestContextFilter' to: [/*]
[2m2019-11-11 17:25:34.895[0;39m [32m INFO[0;39m [35m13116[0;39m [2m---[0;39m [2m[ost-startStop-1][0;39m [36mo.s.b.w.servlet.FilterRegistrationBean  [0;39m [2m:[0;39m Mapping filter: 'httpTraceFilter' to: [/*]
[2m2019-11-11 17:25:34.895[0;39m [32m INFO[0;39m [35m13116[0;39m [2m---[0;39m [2m[ost-startStop-1][0;39m [36mo.s.b.w.servlet.FilterRegistrationBean  [0;39m [2m:[0;39m Mapping filter: 'webMvcMetricsFilter' to: [/*]
[2m2019-11-11 17:25:36.772[0;39m [32m INFO[0;39m [35m13116[0;39m [2m---[0;39m [2m[           main][0;39m [36mc.n.c.sources.URLConfigurationSource    [0;39m [2m:[0;39m To enable URLs as dynamic configuration sources, define System property archaius.configurationSource.additionalUrls or make config.properties available on classpath.
[2m2019-11-11 17:25:36.933[0;39m [32m INFO[0;39m [35m13116[0;39m [2m---[0;39m [2m[           main][0;39m [36mo.s.w.s.handler.SimpleUrlHandlerMapping [0;39m [2m:[0;39m Mapped URL path [/**/favicon.ico] onto handler of type [class org.springframework.web.servlet.resource.ResourceHttpRequestHandler]
[2m2019-11-11 17:25:37.398[0;39m [32m INFO[0;39m [35m13116[0;39m [2m---[0;39m [2m[           main][0;39m [36ms.w.s.m.m.a.RequestMappingHandlerAdapter[0;39m [2m:[0;39m Looking for @ControllerAdvice: org.springframework.boot.web.servlet.context.AnnotationConfigServletWebServerApplicationContext@5b6e8f77: startup date [Mon Nov 11 17:25:25 CST 2019]; parent: org.springframework.context.annotation.AnnotationConfigApplicationContext@20b12f8a
[2m2019-11-11 17:25:37.639[0;39m [32m INFO[0;39m [35m13116[0;39m [2m---[0;39m [2m[           main][0;39m [36ms.w.s.m.m.a.RequestMappingHandlerMapping[0;39m [2m:[0;39m Mapped "{[/test3]}" onto public java.lang.String com.example.person.controller.PersonController.test3(java.lang.String)
[2m2019-11-11 17:25:37.640[0;39m [32m INFO[0;39m [35m13116[0;39m [2m---[0;39m [2m[           main][0;39m [36ms.w.s.m.m.a.RequestMappingHandlerMapping[0;39m [2m:[0;39m Mapped "{[/test1]}" onto public java.lang.String com.example.person.controller.PersonController.test1(java.lang.String)
[2m2019-11-11 17:25:37.641[0;39m [32m INFO[0;39m [35m13116[0;39m [2m---[0;39m [2m[           main][0;39m [36ms.w.s.m.m.a.RequestMappingHandlerMapping[0;39m [2m:[0;39m Mapped "{[/test2]}" onto public java.lang.String com.example.person.controller.PersonController.test2(java.lang.String)
[2m2019-11-11 17:25:37.641[0;39m [32m INFO[0;39m [35m13116[0;39m [2m---[0;39m [2m[           main][0;39m [36ms.w.s.m.m.a.RequestMappingHandlerMapping[0;39m [2m:[0;39m Mapped "{[/test4]}" onto public java.lang.String com.example.person.controller.PersonController.test4(java.lang.String)
[2m2019-11-11 17:25:37.641[0;39m [32m INFO[0;39m [35m13116[0;39m [2m---[0;39m [2m[           main][0;39m [36ms.w.s.m.m.a.RequestMappingHandlerMapping[0;39m [2m:[0;39m Mapped "{[/test5]}" onto public java.lang.String com.example.person.controller.PersonController.test5(java.lang.String)
[2m2019-11-11 17:25:37.641[0;39m [32m INFO[0;39m [35m13116[0;39m [2m---[0;39m [2m[           main][0;39m [36ms.w.s.m.m.a.RequestMappingHandlerMapping[0;39m [2m:[0;39m Mapped "{[/test6]}" onto public java.lang.String com.example.person.controller.PersonController.test6(java.lang.String)
[2m2019-11-11 17:25:37.642[0;39m [32m INFO[0;39m [35m13116[0;39m [2m---[0;39m [2m[           main][0;39m [36ms.w.s.m.m.a.RequestMappingHandlerMapping[0;39m [2m:[0;39m Mapped "{[/test7]}" onto public java.lang.String com.example.person.controller.PersonController.test7(java.lang.String)
[2m2019-11-11 17:25:37.642[0;39m [32m INFO[0;39m [35m13116[0;39m [2m---[0;39m [2m[           main][0;39m [36ms.w.s.m.m.a.RequestMappingHandlerMapping[0;39m [2m:[0;39m Mapped "{[/test8]}" onto public java.lang.String com.example.person.controller.PersonController.test8(java.lang.String)
[2m2019-11-11 17:25:37.645[0;39m [32m INFO[0;39m [35m13116[0;39m [2m---[0;39m [2m[           main][0;39m [36ms.w.s.m.m.a.RequestMappingHandlerMapping[0;39m [2m:[0;39m Mapped "{[/error]}" onto public org.springframework.http.ResponseEntity<java.util.Map<java.lang.String, java.lang.Object>> org.springframework.boot.autoconfigure.web.servlet.error.BasicErrorController.error(javax.servlet.http.HttpServletRequest)
[2m2019-11-11 17:25:37.645[0;39m [32m INFO[0;39m [35m13116[0;39m [2m---[0;39m [2m[           main][0;39m [36ms.w.s.m.m.a.RequestMappingHandlerMapping[0;39m [2m:[0;39m Mapped "{[/error],produces=[text/html]}" onto public org.springframework.web.servlet.ModelAndView org.springframework.boot.autoconfigure.web.servlet.error.BasicErrorController.errorHtml(javax.servlet.http.HttpServletRequest,javax.servlet.http.HttpServletResponse)
[2m2019-11-11 17:25:37.727[0;39m [32m INFO[0;39m [35m13116[0;39m [2m---[0;39m [2m[           main][0;39m [36mo.s.w.s.handler.SimpleUrlHandlerMapping [0;39m [2m:[0;39m Mapped URL path [/webjars/**] onto handler of type [class org.springframework.web.servlet.resource.ResourceHttpRequestHandler]
[2m2019-11-11 17:25:37.728[0;39m [32m INFO[0;39m [35m13116[0;39m [2m---[0;39m [2m[           main][0;39m [36mo.s.w.s.handler.SimpleUrlHandlerMapping [0;39m [2m:[0;39m Mapped URL path [/**] onto handler of type [class org.springframework.web.servlet.resource.ResourceHttpRequestHandler]
[2m2019-11-11 17:25:38.833[0;39m [32m INFO[0;39m [35m13116[0;39m [2m---[0;39m [2m[           main][0;39m [36mo.s.ui.freemarker.SpringTemplateLoader  [0;39m [2m:[0;39m SpringTemplateLoader for FreeMarker: using resource loader [org.springframework.boot.web.servlet.context.AnnotationConfigServletWebServerApplicationContext@5b6e8f77: startup date [Mon Nov 11 17:25:25 CST 2019]; parent: org.springframework.context.annotation.AnnotationConfigApplicationContext@20b12f8a] and template loader path [classpath:/templates/]
[2m2019-11-11 17:25:38.835[0;39m [32m INFO[0;39m [35m13116[0;39m [2m---[0;39m [2m[           main][0;39m [36mo.s.w.s.v.f.FreeMarkerConfigurer        [0;39m [2m:[0;39m ClassTemplateLoader for Spring macros added to FreeMarker configuration
[2m2019-11-11 17:25:39.416[0;39m [32m INFO[0;39m [35m13116[0;39m [2m---[0;39m [2m[           main][0;39m [36mo.s.b.a.e.web.EndpointLinksResolver     [0;39m [2m:[0;39m Exposing 2 endpoint(s) beneath base path '/actuator'
[2m2019-11-11 17:25:39.448[0;39m [32m INFO[0;39m [35m13116[0;39m [2m---[0;39m [2m[           main][0;39m [36ms.b.a.e.w.s.WebMvcEndpointHandlerMapping[0;39m [2m:[0;39m Mapped "{[/actuator/health],methods=[GET],produces=[application/vnd.spring-boot.actuator.v2+json || application/json]}" onto public java.lang.Object org.springframework.boot.actuate.endpoint.web.servlet.AbstractWebMvcEndpointHandlerMapping$OperationHandler.handle(javax.servlet.http.HttpServletRequest,java.util.Map<java.lang.String, java.lang.String>)
[2m2019-11-11 17:25:39.449[0;39m [32m INFO[0;39m [35m13116[0;39m [2m---[0;39m [2m[           main][0;39m [36ms.b.a.e.w.s.WebMvcEndpointHandlerMapping[0;39m [2m:[0;39m Mapped "{[/actuator/info],methods=[GET],produces=[application/vnd.spring-boot.actuator.v2+json || application/json]}" onto public java.lang.Object org.springframework.boot.actuate.endpoint.web.servlet.AbstractWebMvcEndpointHandlerMapping$OperationHandler.handle(javax.servlet.http.HttpServletRequest,java.util.Map<java.lang.String, java.lang.String>)
[2m2019-11-11 17:25:39.450[0;39m [32m INFO[0;39m [35m13116[0;39m [2m---[0;39m [2m[           main][0;39m [36ms.b.a.e.w.s.WebMvcEndpointHandlerMapping[0;39m [2m:[0;39m Mapped "{[/actuator],methods=[GET],produces=[application/vnd.spring-boot.actuator.v2+json || application/json]}" onto protected java.util.Map<java.lang.String, java.util.Map<java.lang.String, org.springframework.boot.actuate.endpoint.web.Link>> org.springframework.boot.actuate.endpoint.web.servlet.WebMvcEndpointHandlerMapping.links(javax.servlet.http.HttpServletRequest,javax.servlet.http.HttpServletResponse)
[2m2019-11-11 17:25:39.547[0;39m [32m INFO[0;39m [35m13116[0;39m [2m---[0;39m [2m[           main][0;39m [36mo.s.j.e.a.AnnotationMBeanExporter       [0;39m [2m:[0;39m Registering beans for JMX exposure on startup
[2m2019-11-11 17:25:39.549[0;39m [32m INFO[0;39m [35m13116[0;39m [2m---[0;39m [2m[           main][0;39m [36mo.s.j.e.a.AnnotationMBeanExporter       [0;39m [2m:[0;39m Bean with name 'dataSource' has been autodetected for JMX exposure
[2m2019-11-11 17:25:39.559[0;39m [32m INFO[0;39m [35m13116[0;39m [2m---[0;39m [2m[           main][0;39m [36mo.s.j.e.a.AnnotationMBeanExporter       [0;39m [2m:[0;39m Bean with name 'environmentManager' has been autodetected for JMX exposure
[2m2019-11-11 17:25:39.561[0;39m [32m INFO[0;39m [35m13116[0;39m [2m---[0;39m [2m[           main][0;39m [36mo.s.j.e.a.AnnotationMBeanExporter       [0;39m [2m:[0;39m Bean with name 'refreshScope' has been autodetected for JMX exposure
[2m2019-11-11 17:25:39.562[0;39m [32m INFO[0;39m [35m13116[0;39m [2m---[0;39m [2m[           main][0;39m [36mo.s.j.e.a.AnnotationMBeanExporter       [0;39m [2m:[0;39m Bean with name 'configurationPropertiesRebinder' has been autodetected for JMX exposure
[2m2019-11-11 17:25:39.566[0;39m [32m INFO[0;39m [35m13116[0;39m [2m---[0;39m [2m[           main][0;39m [36mo.s.j.e.a.AnnotationMBeanExporter       [0;39m [2m:[0;39m Located managed bean 'environmentManager': registering with JMX server as MBean [org.springframework.cloud.context.environment:name=environmentManager,type=EnvironmentManager]
[2m2019-11-11 17:25:39.582[0;39m [32m INFO[0;39m [35m13116[0;39m [2m---[0;39m [2m[           main][0;39m [36mo.s.j.e.a.AnnotationMBeanExporter       [0;39m [2m:[0;39m Located managed bean 'refreshScope': registering with JMX server as MBean [org.springframework.cloud.context.scope.refresh:name=refreshScope,type=RefreshScope]
[2m2019-11-11 17:25:39.597[0;39m [32m INFO[0;39m [35m13116[0;39m [2m---[0;39m [2m[           main][0;39m [36mo.s.j.e.a.AnnotationMBeanExporter       [0;39m [2m:[0;39m Located managed bean 'configurationPropertiesRebinder': registering with JMX server as MBean [org.springframework.cloud.context.properties:name=configurationPropertiesRebinder,context=5b6e8f77,type=ConfigurationPropertiesRebinder]
[2m2019-11-11 17:25:39.604[0;39m [32m INFO[0;39m [35m13116[0;39m [2m---[0;39m [2m[           main][0;39m [36mo.s.j.e.a.AnnotationMBeanExporter       [0;39m [2m:[0;39m Located MBean 'dataSource': registering with JMX server as MBean [com.alibaba.druid.pool:name=dataSource,type=DruidDataSource]
[2m2019-11-11 17:25:39.613[0;39m [32m INFO[0;39m [35m13116[0;39m [2m---[0;39m [2m[           main][0;39m [36mo.s.c.support.DefaultLifecycleProcessor [0;39m [2m:[0;39m Starting beans in phase 0
[2m2019-11-11 17:25:39.624[0;39m [32m INFO[0;39m [35m13116[0;39m [2m---[0;39m [2m[           main][0;39m [36mo.s.c.n.eureka.InstanceInfoFactory      [0;39m [2m:[0;39m Setting initial instance status as: STARTING
[2m2019-11-11 17:25:39.688[0;39m [32m INFO[0;39m [35m13116[0;39m [2m---[0;39m [2m[           main][0;39m [36mcom.netflix.discovery.DiscoveryClient   [0;39m [2m:[0;39m Initializing Eureka in region us-east-1
[2m2019-11-11 17:25:40.244[0;39m [32m INFO[0;39m [35m13116[0;39m [2m---[0;39m [2m[           main][0;39m [36mc.n.d.provider.DiscoveryJerseyProvider  [0;39m [2m:[0;39m Using JSON encoding codec LegacyJacksonJson
[2m2019-11-11 17:25:40.244[0;39m [32m INFO[0;39m [35m13116[0;39m [2m---[0;39m [2m[           main][0;39m [36mc.n.d.provider.DiscoveryJerseyProvider  [0;39m [2m:[0;39m Using JSON decoding codec LegacyJacksonJson
[2m2019-11-11 17:25:40.377[0;39m [32m INFO[0;39m [35m13116[0;39m [2m---[0;39m [2m[           main][0;39m [36mc.n.d.provider.DiscoveryJerseyProvider  [0;39m [2m:[0;39m Using XML encoding codec XStreamXml
[2m2019-11-11 17:25:40.377[0;39m [32m INFO[0;39m [35m13116[0;39m [2m---[0;39m [2m[           main][0;39m [36mc.n.d.provider.DiscoveryJerseyProvider  [0;39m [2m:[0;39m Using XML decoding codec XStreamXml
[2m2019-11-11 17:25:40.801[0;39m [32m INFO[0;39m [35m13116[0;39m [2m---[0;39m [2m[           main][0;39m [36mc.n.d.s.r.aws.ConfigClusterResolver     [0;39m [2m:[0;39m Resolving eureka endpoints via configuration
[2m2019-11-11 17:25:41.220[0;39m [32m INFO[0;39m [35m13116[0;39m [2m---[0;39m [2m[           main][0;39m [36mcom.netflix.discovery.DiscoveryClient   [0;39m [2m:[0;39m Disable delta property : false
[2m2019-11-11 17:25:41.220[0;39m [32m INFO[0;39m [35m13116[0;39m [2m---[0;39m [2m[           main][0;39m [36mcom.netflix.discovery.DiscoveryClient   [0;39m [2m:[0;39m Single vip registry refresh property : null
[2m2019-11-11 17:25:41.220[0;39m [32m INFO[0;39m [35m13116[0;39m [2m---[0;39m [2m[           main][0;39m [36mcom.netflix.discovery.DiscoveryClient   [0;39m [2m:[0;39m Force full registry fetch : false
[2m2019-11-11 17:25:41.220[0;39m [32m INFO[0;39m [35m13116[0;39m [2m---[0;39m [2m[           main][0;39m [36mcom.netflix.discovery.DiscoveryClient   [0;39m [2m:[0;39m Application is null : false
[2m2019-11-11 17:25:41.220[0;39m [32m INFO[0;39m [35m13116[0;39m [2m---[0;39m [2m[           main][0;39m [36mcom.netflix.discovery.DiscoveryClient   [0;39m [2m:[0;39m Registered Applications size is zero : true
[2m2019-11-11 17:25:41.220[0;39m [32m INFO[0;39m [35m13116[0;39m [2m---[0;39m [2m[           main][0;39m [36mcom.netflix.discovery.DiscoveryClient   [0;39m [2m:[0;39m Application version is -1: true
[2m2019-11-11 17:25:41.220[0;39m [32m INFO[0;39m [35m13116[0;39m [2m---[0;39m [2m[           main][0;39m [36mcom.netflix.discovery.DiscoveryClient   [0;39m [2m:[0;39m Getting all instance registry info from the eureka server
[2m2019-11-11 17:25:41.553[0;39m [32m INFO[0;39m [35m13116[0;39m [2m---[0;39m [2m[           main][0;39m [36mcom.netflix.discovery.DiscoveryClient   [0;39m [2m:[0;39m The response status is 200
[2m2019-11-11 17:25:41.556[0;39m [32m INFO[0;39m [35m13116[0;39m [2m---[0;39m [2m[           main][0;39m [36mcom.netflix.discovery.DiscoveryClient   [0;39m [2m:[0;39m Starting heartbeat executor: renew interval is: 30
[2m2019-11-11 17:25:41.560[0;39m [32m INFO[0;39m [35m13116[0;39m [2m---[0;39m [2m[           main][0;39m [36mc.n.discovery.InstanceInfoReplicator    [0;39m [2m:[0;39m InstanceInfoReplicator onDemand update allowed rate per min is 4
[2m2019-11-11 17:25:41.566[0;39m [32m INFO[0;39m [35m13116[0;39m [2m---[0;39m [2m[           main][0;39m [36mcom.netflix.discovery.DiscoveryClient   [0;39m [2m:[0;39m Discovery Client initialized at timestamp 1573464341564 with initial instances count: 0
[2m2019-11-11 17:25:41.574[0;39m [32m INFO[0;39m [35m13116[0;39m [2m---[0;39m [2m[           main][0;39m [36mo.s.c.n.e.s.EurekaServiceRegistry       [0;39m [2m:[0;39m Registering application service-person with eureka with status UP
[2m2019-11-11 17:25:41.575[0;39m [32m INFO[0;39m [35m13116[0;39m [2m---[0;39m [2m[           main][0;39m [36mcom.netflix.discovery.DiscoveryClient   [0;39m [2m:[0;39m Saw local status change event StatusChangeEvent [timestamp=1573464341575, current=UP, previous=STARTING]
[2m2019-11-11 17:25:41.577[0;39m [32m INFO[0;39m [35m13116[0;39m [2m---[0;39m [2m[nfoReplicator-0][0;39m [36mcom.netflix.discovery.DiscoveryClient   [0;39m [2m:[0;39m DiscoveryClient_SERVICE-PERSON/luyang.fescohr.com:service-person:8762: registering service...
[2m2019-11-11 17:25:41.606[0;39m [32m INFO[0;39m [35m13116[0;39m [2m---[0;39m [2m[           main][0;39m [36mo.a.coyote.http11.Http11NioProtocol     [0;39m [2m:[0;39m Starting ProtocolHandler ["http-nio-8762"]
[2m2019-11-11 17:25:41.622[0;39m [32m INFO[0;39m [35m13116[0;39m [2m---[0;39m [2m[           main][0;39m [36mo.a.tomcat.util.net.NioSelectorPool     [0;39m [2m:[0;39m Using a shared selector for servlet write/read
[2m2019-11-11 17:25:41.658[0;39m [32m INFO[0;39m [35m13116[0;39m [2m---[0;39m [2m[           main][0;39m [36mo.s.b.w.embedded.tomcat.TomcatWebServer [0;39m [2m:[0;39m Tomcat started on port(s): 8762 (http) with context path ''
[2m2019-11-11 17:25:41.659[0;39m [32m INFO[0;39m [35m13116[0;39m [2m---[0;39m [2m[           main][0;39m [36m.s.c.n.e.s.EurekaAutoServiceRegistration[0;39m [2m:[0;39m Updating port to 8762
[2m2019-11-11 17:25:41.664[0;39m [32m INFO[0;39m [35m13116[0;39m [2m---[0;39m [2m[           main][0;39m [36mcom.example.person.PersonApplication    [0;39m [2m:[0;39m Started PersonApplication in 21.949 seconds (JVM running for 25.716)
[2m2019-11-11 17:25:41.678[0;39m [32m INFO[0;39m [35m13116[0;39m [2m---[0;39m [2m[nfoReplicator-0][0;39m [36mcom.netflix.discovery.DiscoveryClient   [0;39m [2m:[0;39m DiscoveryClient_SERVICE-PERSON/luyang.fescohr.com:service-person:8762 - registration status: 204
[2m2019-11-11 17:25:42.054[0;39m [32m INFO[0;39m [35m13116[0;39m [2m---[0;39m [2m[n(8)-10.0.41.98][0;39m [36mo.a.c.c.C.[Tomcat].[localhost].[/]      [0;39m [2m:[0;39m Initializing Spring FrameworkServlet 'dispatcherServlet'
[2m2019-11-11 17:25:42.054[0;39m [32m INFO[0;39m [35m13116[0;39m [2m---[0;39m [2m[n(8)-10.0.41.98][0;39m [36mo.s.web.servlet.DispatcherServlet       [0;39m [2m:[0;39m FrameworkServlet 'dispatcherServlet': initialization started
[2m2019-11-11 17:25:42.110[0;39m [32m INFO[0;39m [35m13116[0;39m [2m---[0;39m [2m[n(8)-10.0.41.98][0;39m [36mo.s.web.servlet.DispatcherServlet       [0;39m [2m:[0;39m FrameworkServlet 'dispatcherServlet': initialization completed in 56 ms
[2m2019-11-11 17:25:42.115[0;39m [32m INFO[0;39m [35m13116[0;39m [2m---[0;39m [2m[(10)-10.0.41.98][0;39m [36mcom.alibaba.druid.pool.DruidDataSource  [0;39m [2m:[0;39m {dataSource-1} inited
[2m2019-11-11 17:26:11.558[0;39m [32m INFO[0;39m [35m13116[0;39m [2m---[0;39m [2m[freshExecutor-0][0;39m [36mcom.netflix.discovery.DiscoveryClient   [0;39m [2m:[0;39m Disable delta property : false
[2m2019-11-11 17:26:11.558[0;39m [32m INFO[0;39m [35m13116[0;39m [2m---[0;39m [2m[freshExecutor-0][0;39m [36mcom.netflix.discovery.DiscoveryClient   [0;39m [2m:[0;39m Single vip registry refresh property : null
[2m2019-11-11 17:26:11.559[0;39m [32m INFO[0;39m [35m13116[0;39m [2m---[0;39m [2m[freshExecutor-0][0;39m [36mcom.netflix.discovery.DiscoveryClient   [0;39m [2m:[0;39m Force full registry fetch : false
[2m2019-11-11 17:26:11.559[0;39m [32m INFO[0;39m [35m13116[0;39m [2m---[0;39m [2m[freshExecutor-0][0;39m [36mcom.netflix.discovery.DiscoveryClient   [0;39m [2m:[0;39m Application is null : false
[2m2019-11-11 17:26:11.559[0;39m [32m INFO[0;39m [35m13116[0;39m [2m---[0;39m [2m[freshExecutor-0][0;39m [36mcom.netflix.discovery.DiscoveryClient   [0;39m [2m:[0;39m Registered Applications size is zero : true
[2m2019-11-11 17:26:11.559[0;39m [32m INFO[0;39m [35m13116[0;39m [2m---[0;39m [2m[freshExecutor-0][0;39m [36mcom.netflix.discovery.DiscoveryClient   [0;39m [2m:[0;39m Application version is -1: false
[2m2019-11-11 17:26:11.559[0;39m [32m INFO[0;39m [35m13116[0;39m [2m---[0;39m [2m[freshExecutor-0][0;39m [36mcom.netflix.discovery.DiscoveryClient   [0;39m [2m:[0;39m Getting all instance registry info from the eureka server
[2m2019-11-11 17:26:11.623[0;39m [32m INFO[0;39m [35m13116[0;39m [2m---[0;39m [2m[freshExecutor-0][0;39m [36mcom.netflix.discovery.DiscoveryClient   [0;39m [2m:[0;39m The response status is 200
[2m2019-11-11 17:30:41.233[0;39m [32m INFO[0;39m [35m13116[0;39m [2m---[0;39m [2m[trap-executor-0][0;39m [36mc.n.d.s.r.aws.ConfigClusterResolver     [0;39m [2m:[0;39m Resolving eureka endpoints via configuration
[2m2019-11-11 17:35:41.269[0;39m [32m INFO[0;39m [35m13116[0;39m [2m---[0;39m [2m[trap-executor-0][0;39m [36mc.n.d.s.r.aws.ConfigClusterResolver     [0;39m [2m:[0;39m Resolving eureka endpoints via configuration
[2m2019-11-11 17:40:41.310[0;39m [32m INFO[0;39m [35m13116[0;39m [2m---[0;39m [2m[trap-executor-0][0;39m [36mc.n.d.s.r.aws.ConfigClusterResolver     [0;39m [2m:[0;39m Resolving eureka endpoints via configuration
[2m2019-11-11 17:45:41.325[0;39m [32m INFO[0;39m [35m13116[0;39m [2m---[0;39m [2m[trap-executor-0][0;39m [36mc.n.d.s.r.aws.ConfigClusterResolver     [0;39m [2m:[0;39m Resolving eureka endpoints via configuration
[2m2019-11-11 17:50:41.380[0;39m [32m INFO[0;39m [35m13116[0;39m [2m---[0;39m [2m[trap-executor-0][0;39m [36mc.n.d.s.r.aws.ConfigClusterResolver     [0;39m [2m:[0;39m Resolving eureka endpoints via configuration
[2m2019-11-11 17:55:41.390[0;39m [32m INFO[0;39m [35m13116[0;39m [2m---[0;39m [2m[trap-executor-0][0;39m [36mc.n.d.s.r.aws.ConfigClusterResolver     [0;39m [2m:[0;39m Resolving eureka endpoints via configuration
[2m2019-11-11 18:00:41.401[0;39m [32m INFO[0;39m [35m13116[0;39m [2m---[0;39m [2m[trap-executor-0][0;39m [36mc.n.d.s.r.aws.ConfigClusterResolver     [0;39m [2m:[0;39m Resolving eureka endpoints via configuration
[2m2019-11-11 18:05:41.412[0;39m [32m INFO[0;39m [35m13116[0;39m [2m---[0;39m [2m[trap-executor-0][0;39m [36mc.n.d.s.r.aws.ConfigClusterResolver     [0;39m [2m:[0;39m Resolving eureka endpoints via configuration
[2m2019-11-11 18:10:41.422[0;39m [32m INFO[0;39m [35m13116[0;39m [2m---[0;39m [2m[trap-executor-0][0;39m [36mc.n.d.s.r.aws.ConfigClusterResolver     [0;39m [2m:[0;39m Resolving eureka endpoints via configuration
