[2m2019-11-12 10:50:20.633[0;39m [32m INFO[0;39m [35m21124[0;39m [2m---[0;39m [2m[           main][0;39m [36mtrationDelegate$BeanPostProcessorChecker[0;39m [2m:[0;39m Bean 'org.springframework.cloud.autoconfigure.ConfigurationPropertiesRebinderAutoConfiguration' of type [org.springframework.cloud.autoconfigure.ConfigurationPropertiesRebinderAutoConfiguration$$EnhancerBySpringCGLIB$$236f23be] is not eligible for getting processed by all BeanPostProcessors (for example: not eligible for auto-proxying)
[2m2019-11-12 10:50:21.147[0;39m [32m INFO[0;39m [35m21124[0;39m [2m---[0;39m [2m[           main][0;39m [36mcom.example.zuul.ZuulApplication        [0;39m [2m:[0;39m No active profile set, falling back to default profiles: default
[2m2019-11-12 10:50:22.088[0;39m [32m INFO[0;39m [35m21124[0;39m [2m---[0;39m [2m[           main][0;39m [36mo.s.cloud.context.scope.GenericScope    [0;39m [2m:[0;39m BeanFactory id=d62b719f-44ba-37c7-ac94-79a7ca94c7d1
[2m2019-11-12 10:50:22.336[0;39m [32m INFO[0;39m [35m21124[0;39m [2m---[0;39m [2m[           main][0;39m [36mtrationDelegate$BeanPostProcessorChecker[0;39m [2m:[0;39m Bean 'shiroConfiguration' of type [com.example.zuul.shiro.ShiroConfiguration$$EnhancerBySpringCGLIB$$9b34db3] is not eligible for getting processed by all BeanPostProcessors (for example: not eligible for auto-proxying)
[2m2019-11-12 10:50:22.367[0;39m [32m INFO[0;39m [35m21124[0;39m [2m---[0;39m [2m[           main][0;39m [36mtrationDelegate$BeanPostProcessorChecker[0;39m [2m:[0;39m Bean 'securityManager' of type [org.apache.shiro.web.mgt.DefaultWebSecurityManager] is not eligible for getting processed by all BeanPostProcessors (for example: not eligible for auto-proxying)
[2m2019-11-12 10:50:22.385[0;39m [32m INFO[0;39m [35m21124[0;39m [2m---[0;39m [2m[           main][0;39m [36mtrationDelegate$BeanPostProcessorChecker[0;39m [2m:[0;39m Bean 'org.springframework.cloud.autoconfigure.ConfigurationPropertiesRebinderAutoConfiguration' of type [org.springframework.cloud.autoconfigure.ConfigurationPropertiesRebinderAutoConfiguration$$EnhancerBySpringCGLIB$$236f23be] is not eligible for getting processed by all BeanPostProcessors (for example: not eligible for auto-proxying)
[2m2019-11-12 10:50:22.743[0;39m [32m INFO[0;39m [35m21124[0;39m [2m---[0;39m [2m[           main][0;39m [36mo.s.b.w.embedded.tomcat.TomcatWebServer [0;39m [2m:[0;39m Tomcat initialized with port(s): 9006 (http)
[2m2019-11-12 10:50:22.751[0;39m [32m INFO[0;39m [35m21124[0;39m [2m---[0;39m [2m[           main][0;39m [36mo.a.coyote.http11.Http11NioProtocol     [0;39m [2m:[0;39m Initializing ProtocolHandler ["http-nio-9006"]
[2m2019-11-12 10:50:22.751[0;39m [32m INFO[0;39m [35m21124[0;39m [2m---[0;39m [2m[           main][0;39m [36mo.apache.catalina.core.StandardService  [0;39m [2m:[0;39m Starting service [Tomcat]
[2m2019-11-12 10:50:22.752[0;39m [32m INFO[0;39m [35m21124[0;39m [2m---[0;39m [2m[           main][0;39m [36morg.apache.catalina.core.StandardEngine [0;39m [2m:[0;39m Starting Servlet engine: [Apache Tomcat/9.0.27]
[2m2019-11-12 10:50:23.061[0;39m [32m INFO[0;39m [35m21124[0;39m [2m---[0;39m [2m[           main][0;39m [36mo.a.c.c.C.[Tomcat].[localhost].[/]      [0;39m [2m:[0;39m Initializing Spring embedded WebApplicationContext
[2m2019-11-12 10:50:23.061[0;39m [32m INFO[0;39m [35m21124[0;39m [2m---[0;39m [2m[           main][0;39m [36mo.s.web.context.ContextLoader           [0;39m [2m:[0;39m Root WebApplicationContext: initialization completed in 1894 ms
[2m2019-11-12 10:50:23.152[0;39m [32m INFO[0;39m [35m21124[0;39m [2m---[0;39m [2m[           main][0;39m [36mc.n.c.sources.URLConfigurationSource    [0;39m [2m:[0;39m To enable URLs as dynamic configuration sources, define System property archaius.configurationSource.additionalUrls or make config.properties available on classpath.
[2m2019-11-12 10:50:23.162[0;39m [32m INFO[0;39m [35m21124[0;39m [2m---[0;39m [2m[           main][0;39m [36mc.netflix.config.DynamicPropertyFactory [0;39m [2m:[0;39m DynamicPropertyFactory is initialized with configuration sources: com.netflix.config.ConcurrentCompositeConfiguration@7f1ef916
[2m2019-11-12 10:50:24.387[0;39m [32m INFO[0;39m [35m21124[0;39m [2m---[0;39m [2m[           main][0;39m [36mc.n.c.sources.URLConfigurationSource    [0;39m [2m:[0;39m To enable URLs as dynamic configuration sources, define System property archaius.configurationSource.additionalUrls or make config.properties available on classpath.
[2m2019-11-12 10:50:24.539[0;39m [32m INFO[0;39m [35m21124[0;39m [2m---[0;39m [2m[           main][0;39m [36mo.s.s.concurrent.ThreadPoolTaskExecutor [0;39m [2m:[0;39m Initializing ExecutorService 'applicationTaskExecutor'
[2m2019-11-12 10:50:25.329[0;39m [32m INFO[0;39m [35m21124[0;39m [2m---[0;39m [2m[           main][0;39m [36mo.s.c.n.zuul.ZuulFilterInitializer      [0;39m [2m:[0;39m Starting filter initializer
[2m2019-11-12 10:50:25.340[0;39m [32m INFO[0;39m [35m21124[0;39m [2m---[0;39m [2m[           main][0;39m [36mo.s.b.a.e.web.EndpointLinksResolver     [0;39m [2m:[0;39m Exposing 2 endpoint(s) beneath base path '/actuator'
[2m2019-11-12 10:50:25.371[0;39m [32m INFO[0;39m [35m21124[0;39m [2m---[0;39m [2m[           main][0;39m [36mo.s.c.n.eureka.InstanceInfoFactory      [0;39m [2m:[0;39m Setting initial instance status as: STARTING
[2m2019-11-12 10:50:25.403[0;39m [32m INFO[0;39m [35m21124[0;39m [2m---[0;39m [2m[           main][0;39m [36mcom.netflix.discovery.DiscoveryClient   [0;39m [2m:[0;39m Initializing Eureka in region us-east-1
[2m2019-11-12 10:50:25.457[0;39m [32m INFO[0;39m [35m21124[0;39m [2m---[0;39m [2m[           main][0;39m [36mc.n.d.provider.DiscoveryJerseyProvider  [0;39m [2m:[0;39m Using JSON encoding codec LegacyJacksonJson
[2m2019-11-12 10:50:25.458[0;39m [32m INFO[0;39m [35m21124[0;39m [2m---[0;39m [2m[           main][0;39m [36mc.n.d.provider.DiscoveryJerseyProvider  [0;39m [2m:[0;39m Using JSON decoding codec LegacyJacksonJson
[2m2019-11-12 10:50:25.560[0;39m [32m INFO[0;39m [35m21124[0;39m [2m---[0;39m [2m[           main][0;39m [36mc.n.d.provider.DiscoveryJerseyProvider  [0;39m [2m:[0;39m Using XML encoding codec XStreamXml
[2m2019-11-12 10:50:25.561[0;39m [32m INFO[0;39m [35m21124[0;39m [2m---[0;39m [2m[           main][0;39m [36mc.n.d.provider.DiscoveryJerseyProvider  [0;39m [2m:[0;39m Using XML decoding codec XStreamXml
[2m2019-11-12 10:50:25.700[0;39m [32m INFO[0;39m [35m21124[0;39m [2m---[0;39m [2m[           main][0;39m [36mc.n.d.s.r.aws.ConfigClusterResolver     [0;39m [2m:[0;39m Resolving eureka endpoints via configuration
[2m2019-11-12 10:50:25.913[0;39m [32m INFO[0;39m [35m21124[0;39m [2m---[0;39m [2m[           main][0;39m [36mcom.netflix.discovery.DiscoveryClient   [0;39m [2m:[0;39m Disable delta property : false
[2m2019-11-12 10:50:25.913[0;39m [32m INFO[0;39m [35m21124[0;39m [2m---[0;39m [2m[           main][0;39m [36mcom.netflix.discovery.DiscoveryClient   [0;39m [2m:[0;39m Single vip registry refresh property : null
[2m2019-11-12 10:50:25.913[0;39m [32m INFO[0;39m [35m21124[0;39m [2m---[0;39m [2m[           main][0;39m [36mcom.netflix.discovery.DiscoveryClient   [0;39m [2m:[0;39m Force full registry fetch : false
[2m2019-11-12 10:50:25.913[0;39m [32m INFO[0;39m [35m21124[0;39m [2m---[0;39m [2m[           main][0;39m [36mcom.netflix.discovery.DiscoveryClient   [0;39m [2m:[0;39m Application is null : false
[2m2019-11-12 10:50:25.913[0;39m [32m INFO[0;39m [35m21124[0;39m [2m---[0;39m [2m[           main][0;39m [36mcom.netflix.discovery.DiscoveryClient   [0;39m [2m:[0;39m Registered Applications size is zero : true
[2m2019-11-12 10:50:25.913[0;39m [32m INFO[0;39m [35m21124[0;39m [2m---[0;39m [2m[           main][0;39m [36mcom.netflix.discovery.DiscoveryClient   [0;39m [2m:[0;39m Application version is -1: true
[2m2019-11-12 10:50:25.913[0;39m [32m INFO[0;39m [35m21124[0;39m [2m---[0;39m [2m[           main][0;39m [36mcom.netflix.discovery.DiscoveryClient   [0;39m [2m:[0;39m Getting all instance registry info from the eureka server
[2m2019-11-12 10:50:26.058[0;39m [32m INFO[0;39m [35m21124[0;39m [2m---[0;39m [2m[           main][0;39m [36mcom.netflix.discovery.DiscoveryClient   [0;39m [2m:[0;39m The response status is 200
[2m2019-11-12 10:50:26.061[0;39m [32m INFO[0;39m [35m21124[0;39m [2m---[0;39m [2m[           main][0;39m [36mcom.netflix.discovery.DiscoveryClient   [0;39m [2m:[0;39m Starting heartbeat executor: renew interval is: 30
[2m2019-11-12 10:50:26.063[0;39m [32m INFO[0;39m [35m21124[0;39m [2m---[0;39m [2m[           main][0;39m [36mc.n.discovery.InstanceInfoReplicator    [0;39m [2m:[0;39m InstanceInfoReplicator onDemand update allowed rate per min is 4
[2m2019-11-12 10:50:26.067[0;39m [32m INFO[0;39m [35m21124[0;39m [2m---[0;39m [2m[           main][0;39m [36mcom.netflix.discovery.DiscoveryClient   [0;39m [2m:[0;39m Discovery Client initialized at timestamp 1573527026066 with initial instances count: 2
[2m2019-11-12 10:50:26.070[0;39m [32m INFO[0;39m [35m21124[0;39m [2m---[0;39m [2m[           main][0;39m [36mo.s.c.n.e.s.EurekaServiceRegistry       [0;39m [2m:[0;39m Registering application ZUUL with eureka with status UP
[2m2019-11-12 10:50:26.070[0;39m [32m INFO[0;39m [35m21124[0;39m [2m---[0;39m [2m[           main][0;39m [36mcom.netflix.discovery.DiscoveryClient   [0;39m [2m:[0;39m Saw local status change event StatusChangeEvent [timestamp=1573527026070, current=UP, previous=STARTING]
[2m2019-11-12 10:50:26.073[0;39m [32m INFO[0;39m [35m21124[0;39m [2m---[0;39m [2m[nfoReplicator-0][0;39m [36mcom.netflix.discovery.DiscoveryClient   [0;39m [2m:[0;39m DiscoveryClient_ZUUL/luyang.fescohr.com:zuul:9006: registering service...
[2m2019-11-12 10:50:26.096[0;39m [32m INFO[0;39m [35m21124[0;39m [2m---[0;39m [2m[           main][0;39m [36mo.a.coyote.http11.Http11NioProtocol     [0;39m [2m:[0;39m Starting ProtocolHandler ["http-nio-9006"]
[2m2019-11-12 10:50:26.110[0;39m [32m INFO[0;39m [35m21124[0;39m [2m---[0;39m [2m[nfoReplicator-0][0;39m [36mcom.netflix.discovery.DiscoveryClient   [0;39m [2m:[0;39m DiscoveryClient_ZUUL/luyang.fescohr.com:zuul:9006 - registration status: 204
[2m2019-11-12 10:50:26.122[0;39m [32m INFO[0;39m [35m21124[0;39m [2m---[0;39m [2m[           main][0;39m [36mo.s.b.w.embedded.tomcat.TomcatWebServer [0;39m [2m:[0;39m Tomcat started on port(s): 9006 (http) with context path ''
[2m2019-11-12 10:50:26.123[0;39m [32m INFO[0;39m [35m21124[0;39m [2m---[0;39m [2m[           main][0;39m [36m.s.c.n.e.s.EurekaAutoServiceRegistration[0;39m [2m:[0;39m Updating port to 9006
[2m2019-11-12 10:50:26.516[0;39m [32m INFO[0;39m [35m21124[0;39m [2m---[0;39m [2m[           main][0;39m [36mcom.example.zuul.ZuulApplication        [0;39m [2m:[0;39m Started ZuulApplication in 7.069 seconds (JVM running for 10.115)
[2m2019-11-12 10:50:37.504[0;39m [32m INFO[0;39m [35m21124[0;39m [2m---[0;39m [2m[nio-9006-exec-2][0;39m [36mo.a.c.c.C.[Tomcat].[localhost].[/]      [0;39m [2m:[0;39m Initializing Spring DispatcherServlet 'dispatcherServlet'
[2m2019-11-12 10:50:37.504[0;39m [32m INFO[0;39m [35m21124[0;39m [2m---[0;39m [2m[nio-9006-exec-2][0;39m [36mo.s.web.servlet.DispatcherServlet       [0;39m [2m:[0;39m Initializing Servlet 'dispatcherServlet'
[2m2019-11-12 10:50:37.515[0;39m [32m INFO[0;39m [35m21124[0;39m [2m---[0;39m [2m[nio-9006-exec-2][0;39m [36mo.s.web.servlet.DispatcherServlet       [0;39m [2m:[0;39m Completed initialization in 10 ms
[2m2019-11-12 10:53:32.893[0;39m [32m INFO[0;39m [35m22084[0;39m [2m---[0;39m [2m[           main][0;39m [36mtrationDelegate$BeanPostProcessorChecker[0;39m [2m:[0;39m Bean 'org.springframework.cloud.autoconfigure.ConfigurationPropertiesRebinderAutoConfiguration' of type [org.springframework.cloud.autoconfigure.ConfigurationPropertiesRebinderAutoConfiguration$$EnhancerBySpringCGLIB$$a960ec3f] is not eligible for getting processed by all BeanPostProcessors (for example: not eligible for auto-proxying)
[2m2019-11-12 10:53:33.435[0;39m [32m INFO[0;39m [35m22084[0;39m [2m---[0;39m [2m[           main][0;39m [36mcom.example.zuul.ZuulApplication        [0;39m [2m:[0;39m No active profile set, falling back to default profiles: default
[2m2019-11-12 10:53:34.332[0;39m [32m INFO[0;39m [35m22084[0;39m [2m---[0;39m [2m[           main][0;39m [36mo.s.cloud.context.scope.GenericScope    [0;39m [2m:[0;39m BeanFactory id=d62b719f-44ba-37c7-ac94-79a7ca94c7d1
[2m2019-11-12 10:53:34.579[0;39m [32m INFO[0;39m [35m22084[0;39m [2m---[0;39m [2m[           main][0;39m [36mtrationDelegate$BeanPostProcessorChecker[0;39m [2m:[0;39m Bean 'shiroConfiguration' of type [com.example.zuul.shiro.ShiroConfiguration$$EnhancerBySpringCGLIB$$8fa51634] is not eligible for getting processed by all BeanPostProcessors (for example: not eligible for auto-proxying)
[2m2019-11-12 10:53:34.614[0;39m [32m INFO[0;39m [35m22084[0;39m [2m---[0;39m [2m[           main][0;39m [36mtrationDelegate$BeanPostProcessorChecker[0;39m [2m:[0;39m Bean 'securityManager' of type [org.apache.shiro.web.mgt.DefaultWebSecurityManager] is not eligible for getting processed by all BeanPostProcessors (for example: not eligible for auto-proxying)
[2m2019-11-12 10:53:34.639[0;39m [32m INFO[0;39m [35m22084[0;39m [2m---[0;39m [2m[           main][0;39m [36mtrationDelegate$BeanPostProcessorChecker[0;39m [2m:[0;39m Bean 'org.springframework.cloud.autoconfigure.ConfigurationPropertiesRebinderAutoConfiguration' of type [org.springframework.cloud.autoconfigure.ConfigurationPropertiesRebinderAutoConfiguration$$EnhancerBySpringCGLIB$$a960ec3f] is not eligible for getting processed by all BeanPostProcessors (for example: not eligible for auto-proxying)
[2m2019-11-12 10:53:34.978[0;39m [32m INFO[0;39m [35m22084[0;39m [2m---[0;39m [2m[           main][0;39m [36mo.s.b.w.embedded.tomcat.TomcatWebServer [0;39m [2m:[0;39m Tomcat initialized with port(s): 9006 (http)
[2m2019-11-12 10:53:34.987[0;39m [32m INFO[0;39m [35m22084[0;39m [2m---[0;39m [2m[           main][0;39m [36mo.a.coyote.http11.Http11NioProtocol     [0;39m [2m:[0;39m Initializing ProtocolHandler ["http-nio-9006"]
[2m2019-11-12 10:53:34.989[0;39m [32m INFO[0;39m [35m22084[0;39m [2m---[0;39m [2m[           main][0;39m [36mo.apache.catalina.core.StandardService  [0;39m [2m:[0;39m Starting service [Tomcat]
[2m2019-11-12 10:53:34.989[0;39m [32m INFO[0;39m [35m22084[0;39m [2m---[0;39m [2m[           main][0;39m [36morg.apache.catalina.core.StandardEngine [0;39m [2m:[0;39m Starting Servlet engine: [Apache Tomcat/9.0.27]
[2m2019-11-12 10:53:35.276[0;39m [32m INFO[0;39m [35m22084[0;39m [2m---[0;39m [2m[           main][0;39m [36mo.a.c.c.C.[Tomcat].[localhost].[/]      [0;39m [2m:[0;39m Initializing Spring embedded WebApplicationContext
[2m2019-11-12 10:53:35.277[0;39m [32m INFO[0;39m [35m22084[0;39m [2m---[0;39m [2m[           main][0;39m [36mo.s.web.context.ContextLoader           [0;39m [2m:[0;39m Root WebApplicationContext: initialization completed in 1824 ms
[2m2019-11-12 10:53:35.375[0;39m [32m INFO[0;39m [35m22084[0;39m [2m---[0;39m [2m[           main][0;39m [36mc.n.c.sources.URLConfigurationSource    [0;39m [2m:[0;39m To enable URLs as dynamic configuration sources, define System property archaius.configurationSource.additionalUrls or make config.properties available on classpath.
[2m2019-11-12 10:53:35.389[0;39m [32m INFO[0;39m [35m22084[0;39m [2m---[0;39m [2m[           main][0;39m [36mc.netflix.config.DynamicPropertyFactory [0;39m [2m:[0;39m DynamicPropertyFactory is initialized with configuration sources: com.netflix.config.ConcurrentCompositeConfiguration@74ba6ff5
[2m2019-11-12 10:53:36.461[0;39m [32m INFO[0;39m [35m22084[0;39m [2m---[0;39m [2m[           main][0;39m [36mc.n.c.sources.URLConfigurationSource    [0;39m [2m:[0;39m To enable URLs as dynamic configuration sources, define System property archaius.configurationSource.additionalUrls or make config.properties available on classpath.
[2m2019-11-12 10:53:36.622[0;39m [32m INFO[0;39m [35m22084[0;39m [2m---[0;39m [2m[           main][0;39m [36mo.s.s.concurrent.ThreadPoolTaskExecutor [0;39m [2m:[0;39m Initializing ExecutorService 'applicationTaskExecutor'
[2m2019-11-12 10:53:37.425[0;39m [32m INFO[0;39m [35m22084[0;39m [2m---[0;39m [2m[           main][0;39m [36mo.s.c.n.zuul.ZuulFilterInitializer      [0;39m [2m:[0;39m Starting filter initializer
[2m2019-11-12 10:53:37.438[0;39m [32m INFO[0;39m [35m22084[0;39m [2m---[0;39m [2m[           main][0;39m [36mo.s.b.a.e.web.EndpointLinksResolver     [0;39m [2m:[0;39m Exposing 2 endpoint(s) beneath base path '/actuator'
[2m2019-11-12 10:53:37.475[0;39m [32m INFO[0;39m [35m22084[0;39m [2m---[0;39m [2m[           main][0;39m [36mo.s.c.n.eureka.InstanceInfoFactory      [0;39m [2m:[0;39m Setting initial instance status as: STARTING
[2m2019-11-12 10:53:37.514[0;39m [32m INFO[0;39m [35m22084[0;39m [2m---[0;39m [2m[           main][0;39m [36mcom.netflix.discovery.DiscoveryClient   [0;39m [2m:[0;39m Initializing Eureka in region us-east-1
[2m2019-11-12 10:53:37.576[0;39m [32m INFO[0;39m [35m22084[0;39m [2m---[0;39m [2m[           main][0;39m [36mc.n.d.provider.DiscoveryJerseyProvider  [0;39m [2m:[0;39m Using JSON encoding codec LegacyJacksonJson
[2m2019-11-12 10:53:37.576[0;39m [32m INFO[0;39m [35m22084[0;39m [2m---[0;39m [2m[           main][0;39m [36mc.n.d.provider.DiscoveryJerseyProvider  [0;39m [2m:[0;39m Using JSON decoding codec LegacyJacksonJson
[2m2019-11-12 10:53:37.697[0;39m [32m INFO[0;39m [35m22084[0;39m [2m---[0;39m [2m[           main][0;39m [36mc.n.d.provider.DiscoveryJerseyProvider  [0;39m [2m:[0;39m Using XML encoding codec XStreamXml
[2m2019-11-12 10:53:37.698[0;39m [32m INFO[0;39m [35m22084[0;39m [2m---[0;39m [2m[           main][0;39m [36mc.n.d.provider.DiscoveryJerseyProvider  [0;39m [2m:[0;39m Using XML decoding codec XStreamXml
[2m2019-11-12 10:53:37.905[0;39m [32m INFO[0;39m [35m22084[0;39m [2m---[0;39m [2m[           main][0;39m [36mc.n.d.s.r.aws.ConfigClusterResolver     [0;39m [2m:[0;39m Resolving eureka endpoints via configuration
[2m2019-11-12 10:53:38.078[0;39m [32m INFO[0;39m [35m22084[0;39m [2m---[0;39m [2m[           main][0;39m [36mcom.netflix.discovery.DiscoveryClient   [0;39m [2m:[0;39m Disable delta property : false
[2m2019-11-12 10:53:38.078[0;39m [32m INFO[0;39m [35m22084[0;39m [2m---[0;39m [2m[           main][0;39m [36mcom.netflix.discovery.DiscoveryClient   [0;39m [2m:[0;39m Single vip registry refresh property : null
[2m2019-11-12 10:53:38.078[0;39m [32m INFO[0;39m [35m22084[0;39m [2m---[0;39m [2m[           main][0;39m [36mcom.netflix.discovery.DiscoveryClient   [0;39m [2m:[0;39m Force full registry fetch : false
[2m2019-11-12 10:53:38.078[0;39m [32m INFO[0;39m [35m22084[0;39m [2m---[0;39m [2m[           main][0;39m [36mcom.netflix.discovery.DiscoveryClient   [0;39m [2m:[0;39m Application is null : false
[2m2019-11-12 10:53:38.078[0;39m [32m INFO[0;39m [35m22084[0;39m [2m---[0;39m [2m[           main][0;39m [36mcom.netflix.discovery.DiscoveryClient   [0;39m [2m:[0;39m Registered Applications size is zero : true
[2m2019-11-12 10:53:38.078[0;39m [32m INFO[0;39m [35m22084[0;39m [2m---[0;39m [2m[           main][0;39m [36mcom.netflix.discovery.DiscoveryClient   [0;39m [2m:[0;39m Application version is -1: true
[2m2019-11-12 10:53:38.078[0;39m [32m INFO[0;39m [35m22084[0;39m [2m---[0;39m [2m[           main][0;39m [36mcom.netflix.discovery.DiscoveryClient   [0;39m [2m:[0;39m Getting all instance registry info from the eureka server
[2m2019-11-12 10:53:38.248[0;39m [32m INFO[0;39m [35m22084[0;39m [2m---[0;39m [2m[           main][0;39m [36mcom.netflix.discovery.DiscoveryClient   [0;39m [2m:[0;39m The response status is 200
[2m2019-11-12 10:53:38.252[0;39m [32m INFO[0;39m [35m22084[0;39m [2m---[0;39m [2m[           main][0;39m [36mcom.netflix.discovery.DiscoveryClient   [0;39m [2m:[0;39m Starting heartbeat executor: renew interval is: 30
[2m2019-11-12 10:53:38.255[0;39m [32m INFO[0;39m [35m22084[0;39m [2m---[0;39m [2m[           main][0;39m [36mc.n.discovery.InstanceInfoReplicator    [0;39m [2m:[0;39m InstanceInfoReplicator onDemand update allowed rate per min is 4
[2m2019-11-12 10:53:38.260[0;39m [32m INFO[0;39m [35m22084[0;39m [2m---[0;39m [2m[           main][0;39m [36mcom.netflix.discovery.DiscoveryClient   [0;39m [2m:[0;39m Discovery Client initialized at timestamp 1573527218259 with initial instances count: 2
[2m2019-11-12 10:53:38.264[0;39m [32m INFO[0;39m [35m22084[0;39m [2m---[0;39m [2m[           main][0;39m [36mo.s.c.n.e.s.EurekaServiceRegistry       [0;39m [2m:[0;39m Registering application ZUUL with eureka with status UP
[2m2019-11-12 10:53:38.264[0;39m [32m INFO[0;39m [35m22084[0;39m [2m---[0;39m [2m[           main][0;39m [36mcom.netflix.discovery.DiscoveryClient   [0;39m [2m:[0;39m Saw local status change event StatusChangeEvent [timestamp=1573527218264, current=UP, previous=STARTING]
[2m2019-11-12 10:53:38.267[0;39m [32m INFO[0;39m [35m22084[0;39m [2m---[0;39m [2m[nfoReplicator-0][0;39m [36mcom.netflix.discovery.DiscoveryClient   [0;39m [2m:[0;39m DiscoveryClient_ZUUL/luyang.fescohr.com:zuul:9006: registering service...
[2m2019-11-12 10:53:38.294[0;39m [32m INFO[0;39m [35m22084[0;39m [2m---[0;39m [2m[           main][0;39m [36mo.a.coyote.http11.Http11NioProtocol     [0;39m [2m:[0;39m Starting ProtocolHandler ["http-nio-9006"]
[2m2019-11-12 10:53:38.319[0;39m [32m INFO[0;39m [35m22084[0;39m [2m---[0;39m [2m[nfoReplicator-0][0;39m [36mcom.netflix.discovery.DiscoveryClient   [0;39m [2m:[0;39m DiscoveryClient_ZUUL/luyang.fescohr.com:zuul:9006 - registration status: 204
[2m2019-11-12 10:53:38.331[0;39m [32m INFO[0;39m [35m22084[0;39m [2m---[0;39m [2m[           main][0;39m [36mo.s.b.w.embedded.tomcat.TomcatWebServer [0;39m [2m:[0;39m Tomcat started on port(s): 9006 (http) with context path ''
[2m2019-11-12 10:53:38.332[0;39m [32m INFO[0;39m [35m22084[0;39m [2m---[0;39m [2m[           main][0;39m [36m.s.c.n.e.s.EurekaAutoServiceRegistration[0;39m [2m:[0;39m Updating port to 9006
[2m2019-11-12 10:53:38.644[0;39m [32m INFO[0;39m [35m22084[0;39m [2m---[0;39m [2m[           main][0;39m [36mcom.example.zuul.ZuulApplication        [0;39m [2m:[0;39m Started ZuulApplication in 6.999 seconds (JVM running for 9.171)
[2m2019-11-12 10:53:43.890[0;39m [32m INFO[0;39m [35m22084[0;39m [2m---[0;39m [2m[nio-9006-exec-2][0;39m [36mo.a.c.c.C.[Tomcat].[localhost].[/]      [0;39m [2m:[0;39m Initializing Spring DispatcherServlet 'dispatcherServlet'
[2m2019-11-12 10:53:43.890[0;39m [32m INFO[0;39m [35m22084[0;39m [2m---[0;39m [2m[nio-9006-exec-2][0;39m [36mo.s.web.servlet.DispatcherServlet       [0;39m [2m:[0;39m Initializing Servlet 'dispatcherServlet'
[2m2019-11-12 10:53:43.900[0;39m [32m INFO[0;39m [35m22084[0;39m [2m---[0;39m [2m[nio-9006-exec-2][0;39m [36mo.s.web.servlet.DispatcherServlet       [0;39m [2m:[0;39m Completed initialization in 10 ms
[2m2019-11-12 10:58:38.090[0;39m [32m INFO[0;39m [35m22084[0;39m [2m---[0;39m [2m[trap-executor-0][0;39m [36mc.n.d.s.r.aws.ConfigClusterResolver     [0;39m [2m:[0;39m Resolving eureka endpoints via configuration
[2m2019-11-12 11:03:38.100[0;39m [32m INFO[0;39m [35m22084[0;39m [2m---[0;39m [2m[trap-executor-0][0;39m [36mc.n.d.s.r.aws.ConfigClusterResolver     [0;39m [2m:[0;39m Resolving eureka endpoints via configuration
[2m2019-11-12 11:08:38.110[0;39m [32m INFO[0;39m [35m22084[0;39m [2m---[0;39m [2m[trap-executor-0][0;39m [36mc.n.d.s.r.aws.ConfigClusterResolver     [0;39m [2m:[0;39m Resolving eureka endpoints via configuration
[2m2019-11-12 11:21:48.922[0;39m [32m INFO[0;39m [35m26440[0;39m [2m---[0;39m [2m[           main][0;39m [36mtrationDelegate$BeanPostProcessorChecker[0;39m [2m:[0;39m Bean 'org.springframework.cloud.autoconfigure.ConfigurationPropertiesRebinderAutoConfiguration' of type [org.springframework.cloud.autoconfigure.ConfigurationPropertiesRebinderAutoConfiguration$$EnhancerBySpringCGLIB$$2ea76a7a] is not eligible for getting processed by all BeanPostProcessors (for example: not eligible for auto-proxying)
[2m2019-11-12 11:21:49.827[0;39m [32m INFO[0;39m [35m26440[0;39m [2m---[0;39m [2m[           main][0;39m [36mcom.example.zuul.ZuulApplication        [0;39m [2m:[0;39m No active profile set, falling back to default profiles: default
[2m2019-11-12 11:21:51.210[0;39m [32m INFO[0;39m [35m26440[0;39m [2m---[0;39m [2m[           main][0;39m [36mo.s.cloud.context.scope.GenericScope    [0;39m [2m:[0;39m BeanFactory id=d62b719f-44ba-37c7-ac94-79a7ca94c7d1
[2m2019-11-12 11:21:51.594[0;39m [32m INFO[0;39m [35m26440[0;39m [2m---[0;39m [2m[           main][0;39m [36mtrationDelegate$BeanPostProcessorChecker[0;39m [2m:[0;39m Bean 'shiroConfiguration' of type [com.example.zuul.shiro.ShiroConfiguration$$EnhancerBySpringCGLIB$$14eb946f] is not eligible for getting processed by all BeanPostProcessors (for example: not eligible for auto-proxying)
[2m2019-11-12 11:21:51.660[0;39m [32m INFO[0;39m [35m26440[0;39m [2m---[0;39m [2m[           main][0;39m [36mtrationDelegate$BeanPostProcessorChecker[0;39m [2m:[0;39m Bean 'securityManager' of type [org.apache.shiro.web.mgt.DefaultWebSecurityManager] is not eligible for getting processed by all BeanPostProcessors (for example: not eligible for auto-proxying)
[2m2019-11-12 11:21:51.690[0;39m [32m INFO[0;39m [35m26440[0;39m [2m---[0;39m [2m[           main][0;39m [36mtrationDelegate$BeanPostProcessorChecker[0;39m [2m:[0;39m Bean 'org.springframework.cloud.autoconfigure.ConfigurationPropertiesRebinderAutoConfiguration' of type [org.springframework.cloud.autoconfigure.ConfigurationPropertiesRebinderAutoConfiguration$$EnhancerBySpringCGLIB$$2ea76a7a] is not eligible for getting processed by all BeanPostProcessors (for example: not eligible for auto-proxying)
[2m2019-11-12 11:21:52.315[0;39m [32m INFO[0;39m [35m26440[0;39m [2m---[0;39m [2m[           main][0;39m [36mo.s.b.w.embedded.tomcat.TomcatWebServer [0;39m [2m:[0;39m Tomcat initialized with port(s): 9006 (http)
[2m2019-11-12 11:21:52.328[0;39m [32m INFO[0;39m [35m26440[0;39m [2m---[0;39m [2m[           main][0;39m [36mo.a.coyote.http11.Http11NioProtocol     [0;39m [2m:[0;39m Initializing ProtocolHandler ["http-nio-9006"]
[2m2019-11-12 11:21:52.330[0;39m [32m INFO[0;39m [35m26440[0;39m [2m---[0;39m [2m[           main][0;39m [36mo.apache.catalina.core.StandardService  [0;39m [2m:[0;39m Starting service [Tomcat]
[2m2019-11-12 11:21:52.330[0;39m [32m INFO[0;39m [35m26440[0;39m [2m---[0;39m [2m[           main][0;39m [36morg.apache.catalina.core.StandardEngine [0;39m [2m:[0;39m Starting Servlet engine: [Apache Tomcat/9.0.27]
[2m2019-11-12 11:21:52.792[0;39m [32m INFO[0;39m [35m26440[0;39m [2m---[0;39m [2m[           main][0;39m [36mo.a.c.c.C.[Tomcat].[localhost].[/]      [0;39m [2m:[0;39m Initializing Spring embedded WebApplicationContext
[2m2019-11-12 11:21:52.792[0;39m [32m INFO[0;39m [35m26440[0;39m [2m---[0;39m [2m[           main][0;39m [36mo.s.web.context.ContextLoader           [0;39m [2m:[0;39m Root WebApplicationContext: initialization completed in 2939 ms
[2m2019-11-12 11:21:52.934[0;39m [32m INFO[0;39m [35m26440[0;39m [2m---[0;39m [2m[           main][0;39m [36mc.n.c.sources.URLConfigurationSource    [0;39m [2m:[0;39m To enable URLs as dynamic configuration sources, define System property archaius.configurationSource.additionalUrls or make config.properties available on classpath.
[2m2019-11-12 11:21:52.950[0;39m [32m INFO[0;39m [35m26440[0;39m [2m---[0;39m [2m[           main][0;39m [36mc.netflix.config.DynamicPropertyFactory [0;39m [2m:[0;39m DynamicPropertyFactory is initialized with configuration sources: com.netflix.config.ConcurrentCompositeConfiguration@4b9dbf07
[2m2019-11-12 11:21:54.500[0;39m [32m INFO[0;39m [35m26440[0;39m [2m---[0;39m [2m[           main][0;39m [36mc.n.c.sources.URLConfigurationSource    [0;39m [2m:[0;39m To enable URLs as dynamic configuration sources, define System property archaius.configurationSource.additionalUrls or make config.properties available on classpath.
[2m2019-11-12 11:21:54.733[0;39m [32m INFO[0;39m [35m26440[0;39m [2m---[0;39m [2m[           main][0;39m [36mo.s.s.concurrent.ThreadPoolTaskExecutor [0;39m [2m:[0;39m Initializing ExecutorService 'applicationTaskExecutor'
[2m2019-11-12 11:21:56.379[0;39m [32m INFO[0;39m [35m26440[0;39m [2m---[0;39m [2m[           main][0;39m [36mo.s.c.n.zuul.ZuulFilterInitializer      [0;39m [2m:[0;39m Starting filter initializer
[2m2019-11-12 11:21:56.402[0;39m [32m INFO[0;39m [35m26440[0;39m [2m---[0;39m [2m[           main][0;39m [36mo.s.b.a.e.web.EndpointLinksResolver     [0;39m [2m:[0;39m Exposing 2 endpoint(s) beneath base path '/actuator'
[2m2019-11-12 11:21:56.468[0;39m [32m INFO[0;39m [35m26440[0;39m [2m---[0;39m [2m[           main][0;39m [36mo.s.c.n.eureka.InstanceInfoFactory      [0;39m [2m:[0;39m Setting initial instance status as: STARTING
[2m2019-11-12 11:21:56.533[0;39m [32m INFO[0;39m [35m26440[0;39m [2m---[0;39m [2m[           main][0;39m [36mcom.netflix.discovery.DiscoveryClient   [0;39m [2m:[0;39m Initializing Eureka in region us-east-1
[2m2019-11-12 11:21:56.633[0;39m [32m INFO[0;39m [35m26440[0;39m [2m---[0;39m [2m[           main][0;39m [36mc.n.d.provider.DiscoveryJerseyProvider  [0;39m [2m:[0;39m Using JSON encoding codec LegacyJacksonJson
[2m2019-11-12 11:21:56.633[0;39m [32m INFO[0;39m [35m26440[0;39m [2m---[0;39m [2m[           main][0;39m [36mc.n.d.provider.DiscoveryJerseyProvider  [0;39m [2m:[0;39m Using JSON decoding codec LegacyJacksonJson
[2m2019-11-12 11:21:56.811[0;39m [32m INFO[0;39m [35m26440[0;39m [2m---[0;39m [2m[           main][0;39m [36mc.n.d.provider.DiscoveryJerseyProvider  [0;39m [2m:[0;39m Using XML encoding codec XStreamXml
[2m2019-11-12 11:21:56.812[0;39m [32m INFO[0;39m [35m26440[0;39m [2m---[0;39m [2m[           main][0;39m [36mc.n.d.provider.DiscoveryJerseyProvider  [0;39m [2m:[0;39m Using XML decoding codec XStreamXml
[2m2019-11-12 11:21:57.139[0;39m [32m INFO[0;39m [35m26440[0;39m [2m---[0;39m [2m[           main][0;39m [36mc.n.d.s.r.aws.ConfigClusterResolver     [0;39m [2m:[0;39m Resolving eureka endpoints via configuration
[2m2019-11-12 11:21:57.396[0;39m [32m INFO[0;39m [35m26440[0;39m [2m---[0;39m [2m[           main][0;39m [36mcom.netflix.discovery.DiscoveryClient   [0;39m [2m:[0;39m Disable delta property : false
[2m2019-11-12 11:21:57.396[0;39m [32m INFO[0;39m [35m26440[0;39m [2m---[0;39m [2m[           main][0;39m [36mcom.netflix.discovery.DiscoveryClient   [0;39m [2m:[0;39m Single vip registry refresh property : null
[2m2019-11-12 11:21:57.396[0;39m [32m INFO[0;39m [35m26440[0;39m [2m---[0;39m [2m[           main][0;39m [36mcom.netflix.discovery.DiscoveryClient   [0;39m [2m:[0;39m Force full registry fetch : false
[2m2019-11-12 11:21:57.396[0;39m [32m INFO[0;39m [35m26440[0;39m [2m---[0;39m [2m[           main][0;39m [36mcom.netflix.discovery.DiscoveryClient   [0;39m [2m:[0;39m Application is null : false
[2m2019-11-12 11:21:57.397[0;39m [32m INFO[0;39m [35m26440[0;39m [2m---[0;39m [2m[           main][0;39m [36mcom.netflix.discovery.DiscoveryClient   [0;39m [2m:[0;39m Registered Applications size is zero : true
[2m2019-11-12 11:21:57.397[0;39m [32m INFO[0;39m [35m26440[0;39m [2m---[0;39m [2m[           main][0;39m [36mcom.netflix.discovery.DiscoveryClient   [0;39m [2m:[0;39m Application version is -1: true
[2m2019-11-12 11:21:57.397[0;39m [32m INFO[0;39m [35m26440[0;39m [2m---[0;39m [2m[           main][0;39m [36mcom.netflix.discovery.DiscoveryClient   [0;39m [2m:[0;39m Getting all instance registry info from the eureka server
[2m2019-11-12 11:21:58.777[0;39m [32m INFO[0;39m [35m26440[0;39m [2m---[0;39m [2m[           main][0;39m [36mcom.netflix.discovery.DiscoveryClient   [0;39m [2m:[0;39m The response status is 200
[2m2019-11-12 11:21:58.779[0;39m [32m INFO[0;39m [35m26440[0;39m [2m---[0;39m [2m[           main][0;39m [36mcom.netflix.discovery.DiscoveryClient   [0;39m [2m:[0;39m Starting heartbeat executor: renew interval is: 30
[2m2019-11-12 11:21:58.782[0;39m [32m INFO[0;39m [35m26440[0;39m [2m---[0;39m [2m[           main][0;39m [36mc.n.discovery.InstanceInfoReplicator    [0;39m [2m:[0;39m InstanceInfoReplicator onDemand update allowed rate per min is 4
[2m2019-11-12 11:21:58.787[0;39m [32m INFO[0;39m [35m26440[0;39m [2m---[0;39m [2m[           main][0;39m [36mcom.netflix.discovery.DiscoveryClient   [0;39m [2m:[0;39m Discovery Client initialized at timestamp 1573528918785 with initial instances count: 0
[2m2019-11-12 11:21:58.790[0;39m [32m INFO[0;39m [35m26440[0;39m [2m---[0;39m [2m[           main][0;39m [36mo.s.c.n.e.s.EurekaServiceRegistry       [0;39m [2m:[0;39m Registering application ZUUL with eureka with status UP
[2m2019-11-12 11:21:58.791[0;39m [32m INFO[0;39m [35m26440[0;39m [2m---[0;39m [2m[           main][0;39m [36mcom.netflix.discovery.DiscoveryClient   [0;39m [2m:[0;39m Saw local status change event StatusChangeEvent [timestamp=1573528918791, current=UP, previous=STARTING]
[2m2019-11-12 11:21:58.794[0;39m [32m INFO[0;39m [35m26440[0;39m [2m---[0;39m [2m[nfoReplicator-0][0;39m [36mcom.netflix.discovery.DiscoveryClient   [0;39m [2m:[0;39m DiscoveryClient_ZUUL/luyang.fescohr.com:zuul:9006: registering service...
[2m2019-11-12 11:21:58.814[0;39m [32m INFO[0;39m [35m26440[0;39m [2m---[0;39m [2m[           main][0;39m [36mo.a.coyote.http11.Http11NioProtocol     [0;39m [2m:[0;39m Starting ProtocolHandler ["http-nio-9006"]
[2m2019-11-12 11:21:58.865[0;39m [32m INFO[0;39m [35m26440[0;39m [2m---[0;39m [2m[           main][0;39m [36mo.s.b.w.embedded.tomcat.TomcatWebServer [0;39m [2m:[0;39m Tomcat started on port(s): 9006 (http) with context path ''
[2m2019-11-12 11:21:58.867[0;39m [32m INFO[0;39m [35m26440[0;39m [2m---[0;39m [2m[           main][0;39m [36m.s.c.n.e.s.EurekaAutoServiceRegistration[0;39m [2m:[0;39m Updating port to 9006
[2m2019-11-12 11:21:58.957[0;39m [32m INFO[0;39m [35m26440[0;39m [2m---[0;39m [2m[nfoReplicator-0][0;39m [36mcom.netflix.discovery.DiscoveryClient   [0;39m [2m:[0;39m DiscoveryClient_ZUUL/luyang.fescohr.com:zuul:9006 - registration status: 204
[2m2019-11-12 11:21:59.334[0;39m [32m INFO[0;39m [35m26440[0;39m [2m---[0;39m [2m[           main][0;39m [36mcom.example.zuul.ZuulApplication        [0;39m [2m:[0;39m Started ZuulApplication in 12.652 seconds (JVM running for 15.977)
[2m2019-11-12 11:22:08.637[0;39m [32m INFO[0;39m [35m26440[0;39m [2m---[0;39m [2m[nio-9006-exec-1][0;39m [36mo.a.c.c.C.[Tomcat].[localhost].[/]      [0;39m [2m:[0;39m Initializing Spring DispatcherServlet 'dispatcherServlet'
[2m2019-11-12 11:22:08.638[0;39m [32m INFO[0;39m [35m26440[0;39m [2m---[0;39m [2m[nio-9006-exec-1][0;39m [36mo.s.web.servlet.DispatcherServlet       [0;39m [2m:[0;39m Initializing Servlet 'dispatcherServlet'
[2m2019-11-12 11:22:08.648[0;39m [32m INFO[0;39m [35m26440[0;39m [2m---[0;39m [2m[nio-9006-exec-1][0;39m [36mo.s.web.servlet.DispatcherServlet       [0;39m [2m:[0;39m Completed initialization in 10 ms
[2m2019-11-12 11:22:28.789[0;39m [32m INFO[0;39m [35m26440[0;39m [2m---[0;39m [2m[freshExecutor-0][0;39m [36mcom.netflix.discovery.DiscoveryClient   [0;39m [2m:[0;39m Disable delta property : false
[2m2019-11-12 11:22:28.796[0;39m [32m INFO[0;39m [35m26440[0;39m [2m---[0;39m [2m[freshExecutor-0][0;39m [36mcom.netflix.discovery.DiscoveryClient   [0;39m [2m:[0;39m Single vip registry refresh property : null
[2m2019-11-12 11:22:28.797[0;39m [32m INFO[0;39m [35m26440[0;39m [2m---[0;39m [2m[freshExecutor-0][0;39m [36mcom.netflix.discovery.DiscoveryClient   [0;39m [2m:[0;39m Force full registry fetch : false
[2m2019-11-12 11:22:28.797[0;39m [32m INFO[0;39m [35m26440[0;39m [2m---[0;39m [2m[freshExecutor-0][0;39m [36mcom.netflix.discovery.DiscoveryClient   [0;39m [2m:[0;39m Application is null : false
[2m2019-11-12 11:22:28.798[0;39m [32m INFO[0;39m [35m26440[0;39m [2m---[0;39m [2m[freshExecutor-0][0;39m [36mcom.netflix.discovery.DiscoveryClient   [0;39m [2m:[0;39m Registered Applications size is zero : true
[2m2019-11-12 11:22:28.798[0;39m [32m INFO[0;39m [35m26440[0;39m [2m---[0;39m [2m[freshExecutor-0][0;39m [36mcom.netflix.discovery.DiscoveryClient   [0;39m [2m:[0;39m Application version is -1: false
[2m2019-11-12 11:22:28.799[0;39m [32m INFO[0;39m [35m26440[0;39m [2m---[0;39m [2m[freshExecutor-0][0;39m [36mcom.netflix.discovery.DiscoveryClient   [0;39m [2m:[0;39m Getting all instance registry info from the eureka server
[2m2019-11-12 11:22:28.859[0;39m [32m INFO[0;39m [35m26440[0;39m [2m---[0;39m [2m[freshExecutor-0][0;39m [36mcom.netflix.discovery.DiscoveryClient   [0;39m [2m:[0;39m The response status is 200
[2m2019-11-12 11:26:57.411[0;39m [32m INFO[0;39m [35m26440[0;39m [2m---[0;39m [2m[trap-executor-0][0;39m [36mc.n.d.s.r.aws.ConfigClusterResolver     [0;39m [2m:[0;39m Resolving eureka endpoints via configuration
[2m2019-11-12 11:30:28.725[0;39m [32m INFO[0;39m [35m19152[0;39m [2m---[0;39m [2m[           main][0;39m [36mtrationDelegate$BeanPostProcessorChecker[0;39m [2m:[0;39m Bean 'org.springframework.cloud.autoconfigure.ConfigurationPropertiesRebinderAutoConfiguration' of type [org.springframework.cloud.autoconfigure.ConfigurationPropertiesRebinderAutoConfiguration$$EnhancerBySpringCGLIB$$3ad7f776] is not eligible for getting processed by all BeanPostProcessors (for example: not eligible for auto-proxying)
[2m2019-11-12 11:30:29.228[0;39m [32m INFO[0;39m [35m19152[0;39m [2m---[0;39m [2m[           main][0;39m [36mcom.example.zuul.ZuulApplication        [0;39m [2m:[0;39m No active profile set, falling back to default profiles: default
[2m2019-11-12 11:30:30.106[0;39m [32m INFO[0;39m [35m19152[0;39m [2m---[0;39m [2m[           main][0;39m [36mo.s.cloud.context.scope.GenericScope    [0;39m [2m:[0;39m BeanFactory id=d62b719f-44ba-37c7-ac94-79a7ca94c7d1
[2m2019-11-12 11:30:30.338[0;39m [32m INFO[0;39m [35m19152[0;39m [2m---[0;39m [2m[           main][0;39m [36mtrationDelegate$BeanPostProcessorChecker[0;39m [2m:[0;39m Bean 'shiroConfiguration' of type [com.example.zuul.shiro.ShiroConfiguration$$EnhancerBySpringCGLIB$$211c216b] is not eligible for getting processed by all BeanPostProcessors (for example: not eligible for auto-proxying)
[2m2019-11-12 11:30:30.376[0;39m [32m INFO[0;39m [35m19152[0;39m [2m---[0;39m [2m[           main][0;39m [36mtrationDelegate$BeanPostProcessorChecker[0;39m [2m:[0;39m Bean 'customRealm' of type [com.example.zuul.shiro.CustomRealm] is not eligible for getting processed by all BeanPostProcessors (for example: not eligible for auto-proxying)
[2m2019-11-12 11:30:30.387[0;39m [32m INFO[0;39m [35m19152[0;39m [2m---[0;39m [2m[           main][0;39m [36mtrationDelegate$BeanPostProcessorChecker[0;39m [2m:[0;39m Bean 'securityManager' of type [org.apache.shiro.web.mgt.DefaultWebSecurityManager] is not eligible for getting processed by all BeanPostProcessors (for example: not eligible for auto-proxying)
[2m2019-11-12 11:30:30.400[0;39m [32m INFO[0;39m [35m19152[0;39m [2m---[0;39m [2m[           main][0;39m [36mtrationDelegate$BeanPostProcessorChecker[0;39m [2m:[0;39m Bean 'org.springframework.cloud.autoconfigure.ConfigurationPropertiesRebinderAutoConfiguration' of type [org.springframework.cloud.autoconfigure.ConfigurationPropertiesRebinderAutoConfiguration$$EnhancerBySpringCGLIB$$3ad7f776] is not eligible for getting processed by all BeanPostProcessors (for example: not eligible for auto-proxying)
[2m2019-11-12 11:30:30.740[0;39m [32m INFO[0;39m [35m19152[0;39m [2m---[0;39m [2m[           main][0;39m [36mo.s.b.w.embedded.tomcat.TomcatWebServer [0;39m [2m:[0;39m Tomcat initialized with port(s): 9006 (http)
[2m2019-11-12 11:30:30.750[0;39m [32m INFO[0;39m [35m19152[0;39m [2m---[0;39m [2m[           main][0;39m [36mo.a.coyote.http11.Http11NioProtocol     [0;39m [2m:[0;39m Initializing ProtocolHandler ["http-nio-9006"]
[2m2019-11-12 11:30:30.750[0;39m [32m INFO[0;39m [35m19152[0;39m [2m---[0;39m [2m[           main][0;39m [36mo.apache.catalina.core.StandardService  [0;39m [2m:[0;39m Starting service [Tomcat]
[2m2019-11-12 11:30:30.750[0;39m [32m INFO[0;39m [35m19152[0;39m [2m---[0;39m [2m[           main][0;39m [36morg.apache.catalina.core.StandardEngine [0;39m [2m:[0;39m Starting Servlet engine: [Apache Tomcat/9.0.27]
[2m2019-11-12 11:30:31.074[0;39m [32m INFO[0;39m [35m19152[0;39m [2m---[0;39m [2m[           main][0;39m [36mo.a.c.c.C.[Tomcat].[localhost].[/]      [0;39m [2m:[0;39m Initializing Spring embedded WebApplicationContext
[2m2019-11-12 11:30:31.074[0;39m [32m INFO[0;39m [35m19152[0;39m [2m---[0;39m [2m[           main][0;39m [36mo.s.web.context.ContextLoader           [0;39m [2m:[0;39m Root WebApplicationContext: initialization completed in 1828 ms
[2m2019-11-12 11:30:31.172[0;39m [32m INFO[0;39m [35m19152[0;39m [2m---[0;39m [2m[           main][0;39m [36mc.n.c.sources.URLConfigurationSource    [0;39m [2m:[0;39m To enable URLs as dynamic configuration sources, define System property archaius.configurationSource.additionalUrls or make config.properties available on classpath.
[2m2019-11-12 11:30:31.183[0;39m [32m INFO[0;39m [35m19152[0;39m [2m---[0;39m [2m[           main][0;39m [36mc.netflix.config.DynamicPropertyFactory [0;39m [2m:[0;39m DynamicPropertyFactory is initialized with configuration sources: com.netflix.config.ConcurrentCompositeConfiguration@4168f3d9
[2m2019-11-12 11:30:32.271[0;39m [32m INFO[0;39m [35m19152[0;39m [2m---[0;39m [2m[           main][0;39m [36mc.n.c.sources.URLConfigurationSource    [0;39m [2m:[0;39m To enable URLs as dynamic configuration sources, define System property archaius.configurationSource.additionalUrls or make config.properties available on classpath.
[2m2019-11-12 11:30:32.436[0;39m [32m INFO[0;39m [35m19152[0;39m [2m---[0;39m [2m[           main][0;39m [36mo.s.s.concurrent.ThreadPoolTaskExecutor [0;39m [2m:[0;39m Initializing ExecutorService 'applicationTaskExecutor'
[2m2019-11-12 11:30:33.225[0;39m [32m INFO[0;39m [35m19152[0;39m [2m---[0;39m [2m[           main][0;39m [36mo.s.c.n.zuul.ZuulFilterInitializer      [0;39m [2m:[0;39m Starting filter initializer
[2m2019-11-12 11:30:33.236[0;39m [32m INFO[0;39m [35m19152[0;39m [2m---[0;39m [2m[           main][0;39m [36mo.s.b.a.e.web.EndpointLinksResolver     [0;39m [2m:[0;39m Exposing 2 endpoint(s) beneath base path '/actuator'
[2m2019-11-12 11:30:33.272[0;39m [32m INFO[0;39m [35m19152[0;39m [2m---[0;39m [2m[           main][0;39m [36mo.s.c.n.eureka.InstanceInfoFactory      [0;39m [2m:[0;39m Setting initial instance status as: STARTING
[2m2019-11-12 11:30:33.309[0;39m [32m INFO[0;39m [35m19152[0;39m [2m---[0;39m [2m[           main][0;39m [36mcom.netflix.discovery.DiscoveryClient   [0;39m [2m:[0;39m Initializing Eureka in region us-east-1
[2m2019-11-12 11:30:33.367[0;39m [32m INFO[0;39m [35m19152[0;39m [2m---[0;39m [2m[           main][0;39m [36mc.n.d.provider.DiscoveryJerseyProvider  [0;39m [2m:[0;39m Using JSON encoding codec LegacyJacksonJson
[2m2019-11-12 11:30:33.368[0;39m [32m INFO[0;39m [35m19152[0;39m [2m---[0;39m [2m[           main][0;39m [36mc.n.d.provider.DiscoveryJerseyProvider  [0;39m [2m:[0;39m Using JSON decoding codec LegacyJacksonJson
[2m2019-11-12 11:30:33.479[0;39m [32m INFO[0;39m [35m19152[0;39m [2m---[0;39m [2m[           main][0;39m [36mc.n.d.provider.DiscoveryJerseyProvider  [0;39m [2m:[0;39m Using XML encoding codec XStreamXml
[2m2019-11-12 11:30:33.480[0;39m [32m INFO[0;39m [35m19152[0;39m [2m---[0;39m [2m[           main][0;39m [36mc.n.d.provider.DiscoveryJerseyProvider  [0;39m [2m:[0;39m Using XML decoding codec XStreamXml
[2m2019-11-12 11:30:33.663[0;39m [32m INFO[0;39m [35m19152[0;39m [2m---[0;39m [2m[           main][0;39m [36mc.n.d.s.r.aws.ConfigClusterResolver     [0;39m [2m:[0;39m Resolving eureka endpoints via configuration
[2m2019-11-12 11:30:33.831[0;39m [32m INFO[0;39m [35m19152[0;39m [2m---[0;39m [2m[           main][0;39m [36mcom.netflix.discovery.DiscoveryClient   [0;39m [2m:[0;39m Disable delta property : false
[2m2019-11-12 11:30:33.832[0;39m [32m INFO[0;39m [35m19152[0;39m [2m---[0;39m [2m[           main][0;39m [36mcom.netflix.discovery.DiscoveryClient   [0;39m [2m:[0;39m Single vip registry refresh property : null
[2m2019-11-12 11:30:33.832[0;39m [32m INFO[0;39m [35m19152[0;39m [2m---[0;39m [2m[           main][0;39m [36mcom.netflix.discovery.DiscoveryClient   [0;39m [2m:[0;39m Force full registry fetch : false
[2m2019-11-12 11:30:33.832[0;39m [32m INFO[0;39m [35m19152[0;39m [2m---[0;39m [2m[           main][0;39m [36mcom.netflix.discovery.DiscoveryClient   [0;39m [2m:[0;39m Application is null : false
[2m2019-11-12 11:30:33.832[0;39m [32m INFO[0;39m [35m19152[0;39m [2m---[0;39m [2m[           main][0;39m [36mcom.netflix.discovery.DiscoveryClient   [0;39m [2m:[0;39m Registered Applications size is zero : true
[2m2019-11-12 11:30:33.832[0;39m [32m INFO[0;39m [35m19152[0;39m [2m---[0;39m [2m[           main][0;39m [36mcom.netflix.discovery.DiscoveryClient   [0;39m [2m:[0;39m Application version is -1: true
[2m2019-11-12 11:30:33.832[0;39m [32m INFO[0;39m [35m19152[0;39m [2m---[0;39m [2m[           main][0;39m [36mcom.netflix.discovery.DiscoveryClient   [0;39m [2m:[0;39m Getting all instance registry info from the eureka server
[2m2019-11-12 11:30:33.974[0;39m [32m INFO[0;39m [35m19152[0;39m [2m---[0;39m [2m[           main][0;39m [36mcom.netflix.discovery.DiscoveryClient   [0;39m [2m:[0;39m The response status is 200
[2m2019-11-12 11:30:33.976[0;39m [32m INFO[0;39m [35m19152[0;39m [2m---[0;39m [2m[           main][0;39m [36mcom.netflix.discovery.DiscoveryClient   [0;39m [2m:[0;39m Starting heartbeat executor: renew interval is: 30
[2m2019-11-12 11:30:33.978[0;39m [32m INFO[0;39m [35m19152[0;39m [2m---[0;39m [2m[           main][0;39m [36mc.n.discovery.InstanceInfoReplicator    [0;39m [2m:[0;39m InstanceInfoReplicator onDemand update allowed rate per min is 4
[2m2019-11-12 11:30:33.983[0;39m [32m INFO[0;39m [35m19152[0;39m [2m---[0;39m [2m[           main][0;39m [36mcom.netflix.discovery.DiscoveryClient   [0;39m [2m:[0;39m Discovery Client initialized at timestamp 1573529433982 with initial instances count: 2
[2m2019-11-12 11:30:33.985[0;39m [32m INFO[0;39m [35m19152[0;39m [2m---[0;39m [2m[           main][0;39m [36mo.s.c.n.e.s.EurekaServiceRegistry       [0;39m [2m:[0;39m Registering application ZUUL with eureka with status UP
[2m2019-11-12 11:30:33.985[0;39m [32m INFO[0;39m [35m19152[0;39m [2m---[0;39m [2m[           main][0;39m [36mcom.netflix.discovery.DiscoveryClient   [0;39m [2m:[0;39m Saw local status change event StatusChangeEvent [timestamp=1573529433985, current=UP, previous=STARTING]
[2m2019-11-12 11:30:33.988[0;39m [32m INFO[0;39m [35m19152[0;39m [2m---[0;39m [2m[nfoReplicator-0][0;39m [36mcom.netflix.discovery.DiscoveryClient   [0;39m [2m:[0;39m DiscoveryClient_ZUUL/luyang.fescohr.com:zuul:9006: registering service...
[2m2019-11-12 11:30:34.013[0;39m [32m INFO[0;39m [35m19152[0;39m [2m---[0;39m [2m[           main][0;39m [36mo.a.coyote.http11.Http11NioProtocol     [0;39m [2m:[0;39m Starting ProtocolHandler ["http-nio-9006"]
[2m2019-11-12 11:30:34.027[0;39m [32m INFO[0;39m [35m19152[0;39m [2m---[0;39m [2m[nfoReplicator-0][0;39m [36mcom.netflix.discovery.DiscoveryClient   [0;39m [2m:[0;39m DiscoveryClient_ZUUL/luyang.fescohr.com:zuul:9006 - registration status: 204
[2m2019-11-12 11:30:34.046[0;39m [32m INFO[0;39m [35m19152[0;39m [2m---[0;39m [2m[           main][0;39m [36mo.s.b.w.embedded.tomcat.TomcatWebServer [0;39m [2m:[0;39m Tomcat started on port(s): 9006 (http) with context path ''
[2m2019-11-12 11:30:34.047[0;39m [32m INFO[0;39m [35m19152[0;39m [2m---[0;39m [2m[           main][0;39m [36m.s.c.n.e.s.EurekaAutoServiceRegistration[0;39m [2m:[0;39m Updating port to 9006
[2m2019-11-12 11:30:34.377[0;39m [32m INFO[0;39m [35m19152[0;39m [2m---[0;39m [2m[           main][0;39m [36mcom.example.zuul.ZuulApplication        [0;39m [2m:[0;39m Started ZuulApplication in 6.932 seconds (JVM running for 9.177)
[2m2019-11-12 11:30:41.815[0;39m [32m INFO[0;39m [35m19152[0;39m [2m---[0;39m [2m[nio-9006-exec-2][0;39m [36mo.a.c.c.C.[Tomcat].[localhost].[/]      [0;39m [2m:[0;39m Initializing Spring DispatcherServlet 'dispatcherServlet'
[2m2019-11-12 11:30:41.815[0;39m [32m INFO[0;39m [35m19152[0;39m [2m---[0;39m [2m[nio-9006-exec-2][0;39m [36mo.s.web.servlet.DispatcherServlet       [0;39m [2m:[0;39m Initializing Servlet 'dispatcherServlet'
[2m2019-11-12 11:30:41.825[0;39m [32m INFO[0;39m [35m19152[0;39m [2m---[0;39m [2m[nio-9006-exec-2][0;39m [36mo.s.web.servlet.DispatcherServlet       [0;39m [2m:[0;39m Completed initialization in 10 ms
[2m2019-11-12 11:30:41.849[0;39m [32m INFO[0;39m [35m19152[0;39m [2m---[0;39m [2m[nio-9006-exec-2][0;39m [36mcom.example.zuul.shiro.CustomRealm      [0;39m [2m:[0;39m -------身份认证方法--------
[2m2019-11-12 11:30:41.850[0;39m [32m INFO[0;39m [35m19152[0;39m [2m---[0;39m [2m[nio-9006-exec-2][0;39m [36mcom.example.zuul.shiro.CustomRealm      [0;39m [2m:[0;39m userPwd--->123
[2m2019-11-12 11:31:28.086[0;39m [32m INFO[0;39m [35m14232[0;39m [2m---[0;39m [2m[           main][0;39m [36mtrationDelegate$BeanPostProcessorChecker[0;39m [2m:[0;39m Bean 'org.springframework.cloud.autoconfigure.ConfigurationPropertiesRebinderAutoConfiguration' of type [org.springframework.cloud.autoconfigure.ConfigurationPropertiesRebinderAutoConfiguration$$EnhancerBySpringCGLIB$$5c7f4913] is not eligible for getting processed by all BeanPostProcessors (for example: not eligible for auto-proxying)
[2m2019-11-12 11:31:28.638[0;39m [32m INFO[0;39m [35m14232[0;39m [2m---[0;39m [2m[           main][0;39m [36mcom.example.zuul.ZuulApplication        [0;39m [2m:[0;39m No active profile set, falling back to default profiles: default
[2m2019-11-12 11:31:29.502[0;39m [32m INFO[0;39m [35m14232[0;39m [2m---[0;39m [2m[           main][0;39m [36mo.s.cloud.context.scope.GenericScope    [0;39m [2m:[0;39m BeanFactory id=d62b719f-44ba-37c7-ac94-79a7ca94c7d1
[2m2019-11-12 11:31:29.727[0;39m [32m INFO[0;39m [35m14232[0;39m [2m---[0;39m [2m[           main][0;39m [36mtrationDelegate$BeanPostProcessorChecker[0;39m [2m:[0;39m Bean 'shiroConfiguration' of type [com.example.zuul.shiro.ShiroConfiguration$$EnhancerBySpringCGLIB$$42c37308] is not eligible for getting processed by all BeanPostProcessors (for example: not eligible for auto-proxying)
[2m2019-11-12 11:31:29.765[0;39m [32m INFO[0;39m [35m14232[0;39m [2m---[0;39m [2m[           main][0;39m [36mtrationDelegate$BeanPostProcessorChecker[0;39m [2m:[0;39m Bean 'customRealm' of type [com.example.zuul.shiro.CustomRealm] is not eligible for getting processed by all BeanPostProcessors (for example: not eligible for auto-proxying)
[2m2019-11-12 11:31:29.777[0;39m [32m INFO[0;39m [35m14232[0;39m [2m---[0;39m [2m[           main][0;39m [36mtrationDelegate$BeanPostProcessorChecker[0;39m [2m:[0;39m Bean 'securityManager' of type [org.apache.shiro.web.mgt.DefaultWebSecurityManager] is not eligible for getting processed by all BeanPostProcessors (for example: not eligible for auto-proxying)
[2m2019-11-12 11:31:29.791[0;39m [32m INFO[0;39m [35m14232[0;39m [2m---[0;39m [2m[           main][0;39m [36mtrationDelegate$BeanPostProcessorChecker[0;39m [2m:[0;39m Bean 'org.springframework.cloud.autoconfigure.ConfigurationPropertiesRebinderAutoConfiguration' of type [org.springframework.cloud.autoconfigure.ConfigurationPropertiesRebinderAutoConfiguration$$EnhancerBySpringCGLIB$$5c7f4913] is not eligible for getting processed by all BeanPostProcessors (for example: not eligible for auto-proxying)
[2m2019-11-12 11:31:30.144[0;39m [32m INFO[0;39m [35m14232[0;39m [2m---[0;39m [2m[           main][0;39m [36mo.s.b.w.embedded.tomcat.TomcatWebServer [0;39m [2m:[0;39m Tomcat initialized with port(s): 9006 (http)
[2m2019-11-12 11:31:30.153[0;39m [32m INFO[0;39m [35m14232[0;39m [2m---[0;39m [2m[           main][0;39m [36mo.a.coyote.http11.Http11NioProtocol     [0;39m [2m:[0;39m Initializing ProtocolHandler ["http-nio-9006"]
[2m2019-11-12 11:31:30.154[0;39m [32m INFO[0;39m [35m14232[0;39m [2m---[0;39m [2m[           main][0;39m [36mo.apache.catalina.core.StandardService  [0;39m [2m:[0;39m Starting service [Tomcat]
[2m2019-11-12 11:31:30.154[0;39m [32m INFO[0;39m [35m14232[0;39m [2m---[0;39m [2m[           main][0;39m [36morg.apache.catalina.core.StandardEngine [0;39m [2m:[0;39m Starting Servlet engine: [Apache Tomcat/9.0.27]
[2m2019-11-12 11:31:30.454[0;39m [32m INFO[0;39m [35m14232[0;39m [2m---[0;39m [2m[           main][0;39m [36mo.a.c.c.C.[Tomcat].[localhost].[/]      [0;39m [2m:[0;39m Initializing Spring embedded WebApplicationContext
[2m2019-11-12 11:31:30.454[0;39m [32m INFO[0;39m [35m14232[0;39m [2m---[0;39m [2m[           main][0;39m [36mo.s.web.context.ContextLoader           [0;39m [2m:[0;39m Root WebApplicationContext: initialization completed in 1801 ms
[2m2019-11-12 11:31:30.553[0;39m [32m INFO[0;39m [35m14232[0;39m [2m---[0;39m [2m[           main][0;39m [36mc.n.c.sources.URLConfigurationSource    [0;39m [2m:[0;39m To enable URLs as dynamic configuration sources, define System property archaius.configurationSource.additionalUrls or make config.properties available on classpath.
[2m2019-11-12 11:31:30.564[0;39m [32m INFO[0;39m [35m14232[0;39m [2m---[0;39m [2m[           main][0;39m [36mc.netflix.config.DynamicPropertyFactory [0;39m [2m:[0;39m DynamicPropertyFactory is initialized with configuration sources: com.netflix.config.ConcurrentCompositeConfiguration@764a3e5d
[2m2019-11-12 11:31:31.675[0;39m [32m INFO[0;39m [35m14232[0;39m [2m---[0;39m [2m[           main][0;39m [36mc.n.c.sources.URLConfigurationSource    [0;39m [2m:[0;39m To enable URLs as dynamic configuration sources, define System property archaius.configurationSource.additionalUrls or make config.properties available on classpath.
[2m2019-11-12 11:31:31.839[0;39m [32m INFO[0;39m [35m14232[0;39m [2m---[0;39m [2m[           main][0;39m [36mo.s.s.concurrent.ThreadPoolTaskExecutor [0;39m [2m:[0;39m Initializing ExecutorService 'applicationTaskExecutor'
[2m2019-11-12 11:31:32.682[0;39m [32m INFO[0;39m [35m14232[0;39m [2m---[0;39m [2m[           main][0;39m [36mo.s.c.n.zuul.ZuulFilterInitializer      [0;39m [2m:[0;39m Starting filter initializer
[2m2019-11-12 11:31:32.693[0;39m [32m INFO[0;39m [35m14232[0;39m [2m---[0;39m [2m[           main][0;39m [36mo.s.b.a.e.web.EndpointLinksResolver     [0;39m [2m:[0;39m Exposing 2 endpoint(s) beneath base path '/actuator'
[2m2019-11-12 11:31:32.728[0;39m [32m INFO[0;39m [35m14232[0;39m [2m---[0;39m [2m[           main][0;39m [36mo.s.c.n.eureka.InstanceInfoFactory      [0;39m [2m:[0;39m Setting initial instance status as: STARTING
[2m2019-11-12 11:31:32.774[0;39m [32m INFO[0;39m [35m14232[0;39m [2m---[0;39m [2m[           main][0;39m [36mcom.netflix.discovery.DiscoveryClient   [0;39m [2m:[0;39m Initializing Eureka in region us-east-1
[2m2019-11-12 11:31:32.839[0;39m [32m INFO[0;39m [35m14232[0;39m [2m---[0;39m [2m[           main][0;39m [36mc.n.d.provider.DiscoveryJerseyProvider  [0;39m [2m:[0;39m Using JSON encoding codec LegacyJacksonJson
[2m2019-11-12 11:31:32.839[0;39m [32m INFO[0;39m [35m14232[0;39m [2m---[0;39m [2m[           main][0;39m [36mc.n.d.provider.DiscoveryJerseyProvider  [0;39m [2m:[0;39m Using JSON decoding codec LegacyJacksonJson
[2m2019-11-12 11:31:32.966[0;39m [32m INFO[0;39m [35m14232[0;39m [2m---[0;39m [2m[           main][0;39m [36mc.n.d.provider.DiscoveryJerseyProvider  [0;39m [2m:[0;39m Using XML encoding codec XStreamXml
[2m2019-11-12 11:31:32.966[0;39m [32m INFO[0;39m [35m14232[0;39m [2m---[0;39m [2m[           main][0;39m [36mc.n.d.provider.DiscoveryJerseyProvider  [0;39m [2m:[0;39m Using XML decoding codec XStreamXml
[2m2019-11-12 11:31:33.167[0;39m [32m INFO[0;39m [35m14232[0;39m [2m---[0;39m [2m[           main][0;39m [36mc.n.d.s.r.aws.ConfigClusterResolver     [0;39m [2m:[0;39m Resolving eureka endpoints via configuration
[2m2019-11-12 11:31:33.341[0;39m [32m INFO[0;39m [35m14232[0;39m [2m---[0;39m [2m[           main][0;39m [36mcom.netflix.discovery.DiscoveryClient   [0;39m [2m:[0;39m Disable delta property : false
[2m2019-11-12 11:31:33.342[0;39m [32m INFO[0;39m [35m14232[0;39m [2m---[0;39m [2m[           main][0;39m [36mcom.netflix.discovery.DiscoveryClient   [0;39m [2m:[0;39m Single vip registry refresh property : null
[2m2019-11-12 11:31:33.342[0;39m [32m INFO[0;39m [35m14232[0;39m [2m---[0;39m [2m[           main][0;39m [36mcom.netflix.discovery.DiscoveryClient   [0;39m [2m:[0;39m Force full registry fetch : false
[2m2019-11-12 11:31:33.342[0;39m [32m INFO[0;39m [35m14232[0;39m [2m---[0;39m [2m[           main][0;39m [36mcom.netflix.discovery.DiscoveryClient   [0;39m [2m:[0;39m Application is null : false
[2m2019-11-12 11:31:33.342[0;39m [32m INFO[0;39m [35m14232[0;39m [2m---[0;39m [2m[           main][0;39m [36mcom.netflix.discovery.DiscoveryClient   [0;39m [2m:[0;39m Registered Applications size is zero : true
[2m2019-11-12 11:31:33.342[0;39m [32m INFO[0;39m [35m14232[0;39m [2m---[0;39m [2m[           main][0;39m [36mcom.netflix.discovery.DiscoveryClient   [0;39m [2m:[0;39m Application version is -1: true
[2m2019-11-12 11:31:33.342[0;39m [32m INFO[0;39m [35m14232[0;39m [2m---[0;39m [2m[           main][0;39m [36mcom.netflix.discovery.DiscoveryClient   [0;39m [2m:[0;39m Getting all instance registry info from the eureka server
[2m2019-11-12 11:31:33.498[0;39m [32m INFO[0;39m [35m14232[0;39m [2m---[0;39m [2m[           main][0;39m [36mcom.netflix.discovery.DiscoveryClient   [0;39m [2m:[0;39m The response status is 200
[2m2019-11-12 11:31:33.501[0;39m [32m INFO[0;39m [35m14232[0;39m [2m---[0;39m [2m[           main][0;39m [36mcom.netflix.discovery.DiscoveryClient   [0;39m [2m:[0;39m Starting heartbeat executor: renew interval is: 30
[2m2019-11-12 11:31:33.503[0;39m [32m INFO[0;39m [35m14232[0;39m [2m---[0;39m [2m[           main][0;39m [36mc.n.discovery.InstanceInfoReplicator    [0;39m [2m:[0;39m InstanceInfoReplicator onDemand update allowed rate per min is 4
[2m2019-11-12 11:31:33.507[0;39m [32m INFO[0;39m [35m14232[0;39m [2m---[0;39m [2m[           main][0;39m [36mcom.netflix.discovery.DiscoveryClient   [0;39m [2m:[0;39m Discovery Client initialized at timestamp 1573529493506 with initial instances count: 2
[2m2019-11-12 11:31:33.510[0;39m [32m INFO[0;39m [35m14232[0;39m [2m---[0;39m [2m[           main][0;39m [36mo.s.c.n.e.s.EurekaServiceRegistry       [0;39m [2m:[0;39m Registering application ZUUL with eureka with status UP
[2m2019-11-12 11:31:33.510[0;39m [32m INFO[0;39m [35m14232[0;39m [2m---[0;39m [2m[           main][0;39m [36mcom.netflix.discovery.DiscoveryClient   [0;39m [2m:[0;39m Saw local status change event StatusChangeEvent [timestamp=1573529493510, current=UP, previous=STARTING]
[2m2019-11-12 11:31:33.513[0;39m [32m INFO[0;39m [35m14232[0;39m [2m---[0;39m [2m[nfoReplicator-0][0;39m [36mcom.netflix.discovery.DiscoveryClient   [0;39m [2m:[0;39m DiscoveryClient_ZUUL/luyang.fescohr.com:zuul:9006: registering service...
[2m2019-11-12 11:31:33.533[0;39m [32m INFO[0;39m [35m14232[0;39m [2m---[0;39m [2m[           main][0;39m [36mo.a.coyote.http11.Http11NioProtocol     [0;39m [2m:[0;39m Starting ProtocolHandler ["http-nio-9006"]
[2m2019-11-12 11:31:33.554[0;39m [32m INFO[0;39m [35m14232[0;39m [2m---[0;39m [2m[nfoReplicator-0][0;39m [36mcom.netflix.discovery.DiscoveryClient   [0;39m [2m:[0;39m DiscoveryClient_ZUUL/luyang.fescohr.com:zuul:9006 - registration status: 204
[2m2019-11-12 11:31:33.568[0;39m [32m INFO[0;39m [35m14232[0;39m [2m---[0;39m [2m[           main][0;39m [36mo.s.b.w.embedded.tomcat.TomcatWebServer [0;39m [2m:[0;39m Tomcat started on port(s): 9006 (http) with context path ''
[2m2019-11-12 11:31:33.569[0;39m [32m INFO[0;39m [35m14232[0;39m [2m---[0;39m [2m[           main][0;39m [36m.s.c.n.e.s.EurekaAutoServiceRegistration[0;39m [2m:[0;39m Updating port to 9006
[2m2019-11-12 11:31:33.908[0;39m [32m INFO[0;39m [35m14232[0;39m [2m---[0;39m [2m[           main][0;39m [36mcom.example.zuul.ZuulApplication        [0;39m [2m:[0;39m Started ZuulApplication in 7.153 seconds (JVM running for 9.38)
[2m2019-11-12 11:31:39.262[0;39m [32m INFO[0;39m [35m14232[0;39m [2m---[0;39m [2m[nio-9006-exec-2][0;39m [36mo.a.c.c.C.[Tomcat].[localhost].[/]      [0;39m [2m:[0;39m Initializing Spring DispatcherServlet 'dispatcherServlet'
[2m2019-11-12 11:31:39.263[0;39m [32m INFO[0;39m [35m14232[0;39m [2m---[0;39m [2m[nio-9006-exec-2][0;39m [36mo.s.web.servlet.DispatcherServlet       [0;39m [2m:[0;39m Initializing Servlet 'dispatcherServlet'
[2m2019-11-12 11:31:39.274[0;39m [32m INFO[0;39m [35m14232[0;39m [2m---[0;39m [2m[nio-9006-exec-2][0;39m [36mo.s.web.servlet.DispatcherServlet       [0;39m [2m:[0;39m Completed initialization in 11 ms
[2m2019-11-12 11:31:39.309[0;39m [32m INFO[0;39m [35m14232[0;39m [2m---[0;39m [2m[nio-9006-exec-2][0;39m [36mcom.example.zuul.shiro.CustomRealm      [0;39m [2m:[0;39m -------身份认证方法--------
[2m2019-11-12 11:31:39.309[0;39m [32m INFO[0;39m [35m14232[0;39m [2m---[0;39m [2m[nio-9006-exec-2][0;39m [36mcom.example.zuul.shiro.CustomRealm      [0;39m [2m:[0;39m userPwd--->123
[2m2019-11-12 13:31:49.804[0;39m [32m INFO[0;39m [35m19880[0;39m [2m---[0;39m [2m[           main][0;39m [36mtrationDelegate$BeanPostProcessorChecker[0;39m [2m:[0;39m Bean 'org.springframework.cloud.autoconfigure.ConfigurationPropertiesRebinderAutoConfiguration' of type [org.springframework.cloud.autoconfigure.ConfigurationPropertiesRebinderAutoConfiguration$$EnhancerBySpringCGLIB$$7578b9cb] is not eligible for getting processed by all BeanPostProcessors (for example: not eligible for auto-proxying)
[2m2019-11-12 13:31:50.648[0;39m [32m INFO[0;39m [35m19880[0;39m [2m---[0;39m [2m[           main][0;39m [36mcom.example.zuul.ZuulApplication        [0;39m [2m:[0;39m No active profile set, falling back to default profiles: default
[2m2019-11-12 13:31:52.216[0;39m [32m INFO[0;39m [35m19880[0;39m [2m---[0;39m [2m[           main][0;39m [36mo.s.cloud.context.scope.GenericScope    [0;39m [2m:[0;39m BeanFactory id=d62b719f-44ba-37c7-ac94-79a7ca94c7d1
[2m2019-11-12 13:31:52.600[0;39m [32m INFO[0;39m [35m19880[0;39m [2m---[0;39m [2m[           main][0;39m [36mtrationDelegate$BeanPostProcessorChecker[0;39m [2m:[0;39m Bean 'shiroConfiguration' of type [com.example.zuul.shiro.ShiroConfiguration$$EnhancerBySpringCGLIB$$5bbce3c0] is not eligible for getting processed by all BeanPostProcessors (for example: not eligible for auto-proxying)
[2m2019-11-12 13:31:52.659[0;39m [32m INFO[0;39m [35m19880[0;39m [2m---[0;39m [2m[           main][0;39m [36mtrationDelegate$BeanPostProcessorChecker[0;39m [2m:[0;39m Bean 'customRealm' of type [com.example.zuul.shiro.CustomRealm] is not eligible for getting processed by all BeanPostProcessors (for example: not eligible for auto-proxying)
[2m2019-11-12 13:31:52.676[0;39m [32m INFO[0;39m [35m19880[0;39m [2m---[0;39m [2m[           main][0;39m [36mtrationDelegate$BeanPostProcessorChecker[0;39m [2m:[0;39m Bean 'securityManager' of type [org.apache.shiro.web.mgt.DefaultWebSecurityManager] is not eligible for getting processed by all BeanPostProcessors (for example: not eligible for auto-proxying)
[2m2019-11-12 13:31:52.706[0;39m [32m INFO[0;39m [35m19880[0;39m [2m---[0;39m [2m[           main][0;39m [36mtrationDelegate$BeanPostProcessorChecker[0;39m [2m:[0;39m Bean 'org.springframework.cloud.autoconfigure.ConfigurationPropertiesRebinderAutoConfiguration' of type [org.springframework.cloud.autoconfigure.ConfigurationPropertiesRebinderAutoConfiguration$$EnhancerBySpringCGLIB$$7578b9cb] is not eligible for getting processed by all BeanPostProcessors (for example: not eligible for auto-proxying)
[2m2019-11-12 13:31:53.198[0;39m [32m INFO[0;39m [35m19880[0;39m [2m---[0;39m [2m[           main][0;39m [36mo.s.b.w.embedded.tomcat.TomcatWebServer [0;39m [2m:[0;39m Tomcat initialized with port(s): 9006 (http)
[2m2019-11-12 13:31:53.212[0;39m [32m INFO[0;39m [35m19880[0;39m [2m---[0;39m [2m[           main][0;39m [36mo.a.coyote.http11.Http11NioProtocol     [0;39m [2m:[0;39m Initializing ProtocolHandler ["http-nio-9006"]
[2m2019-11-12 13:31:53.213[0;39m [32m INFO[0;39m [35m19880[0;39m [2m---[0;39m [2m[           main][0;39m [36mo.apache.catalina.core.StandardService  [0;39m [2m:[0;39m Starting service [Tomcat]
[2m2019-11-12 13:31:53.213[0;39m [32m INFO[0;39m [35m19880[0;39m [2m---[0;39m [2m[           main][0;39m [36morg.apache.catalina.core.StandardEngine [0;39m [2m:[0;39m Starting Servlet engine: [Apache Tomcat/9.0.27]
[2m2019-11-12 13:31:53.693[0;39m [32m INFO[0;39m [35m19880[0;39m [2m---[0;39m [2m[           main][0;39m [36mo.a.c.c.C.[Tomcat].[localhost].[/]      [0;39m [2m:[0;39m Initializing Spring embedded WebApplicationContext
[2m2019-11-12 13:31:53.693[0;39m [32m INFO[0;39m [35m19880[0;39m [2m---[0;39m [2m[           main][0;39m [36mo.s.web.context.ContextLoader           [0;39m [2m:[0;39m Root WebApplicationContext: initialization completed in 3021 ms
[2m2019-11-12 13:31:53.835[0;39m [32m INFO[0;39m [35m19880[0;39m [2m---[0;39m [2m[           main][0;39m [36mc.n.c.sources.URLConfigurationSource    [0;39m [2m:[0;39m To enable URLs as dynamic configuration sources, define System property archaius.configurationSource.additionalUrls or make config.properties available on classpath.
[2m2019-11-12 13:31:53.851[0;39m [32m INFO[0;39m [35m19880[0;39m [2m---[0;39m [2m[           main][0;39m [36mc.netflix.config.DynamicPropertyFactory [0;39m [2m:[0;39m DynamicPropertyFactory is initialized with configuration sources: com.netflix.config.ConcurrentCompositeConfiguration@18e4674d
[2m2019-11-12 13:31:55.687[0;39m [32m INFO[0;39m [35m19880[0;39m [2m---[0;39m [2m[           main][0;39m [36mc.n.c.sources.URLConfigurationSource    [0;39m [2m:[0;39m To enable URLs as dynamic configuration sources, define System property archaius.configurationSource.additionalUrls or make config.properties available on classpath.
[2m2019-11-12 13:31:55.975[0;39m [32m INFO[0;39m [35m19880[0;39m [2m---[0;39m [2m[           main][0;39m [36mo.s.s.concurrent.ThreadPoolTaskExecutor [0;39m [2m:[0;39m Initializing ExecutorService 'applicationTaskExecutor'
[2m2019-11-12 13:31:57.059[0;39m [32m INFO[0;39m [35m19880[0;39m [2m---[0;39m [2m[           main][0;39m [36mo.s.c.n.zuul.ZuulFilterInitializer      [0;39m [2m:[0;39m Starting filter initializer
[2m2019-11-12 13:31:57.072[0;39m [32m INFO[0;39m [35m19880[0;39m [2m---[0;39m [2m[           main][0;39m [36mo.s.b.a.e.web.EndpointLinksResolver     [0;39m [2m:[0;39m Exposing 2 endpoint(s) beneath base path '/actuator'
[2m2019-11-12 13:31:57.115[0;39m [32m INFO[0;39m [35m19880[0;39m [2m---[0;39m [2m[           main][0;39m [36mo.s.c.n.eureka.InstanceInfoFactory      [0;39m [2m:[0;39m Setting initial instance status as: STARTING
[2m2019-11-12 13:31:57.163[0;39m [32m INFO[0;39m [35m19880[0;39m [2m---[0;39m [2m[           main][0;39m [36mcom.netflix.discovery.DiscoveryClient   [0;39m [2m:[0;39m Initializing Eureka in region us-east-1
[2m2019-11-12 13:31:57.237[0;39m [32m INFO[0;39m [35m19880[0;39m [2m---[0;39m [2m[           main][0;39m [36mc.n.d.provider.DiscoveryJerseyProvider  [0;39m [2m:[0;39m Using JSON encoding codec LegacyJacksonJson
[2m2019-11-12 13:31:57.237[0;39m [32m INFO[0;39m [35m19880[0;39m [2m---[0;39m [2m[           main][0;39m [36mc.n.d.provider.DiscoveryJerseyProvider  [0;39m [2m:[0;39m Using JSON decoding codec LegacyJacksonJson
[2m2019-11-12 13:31:57.393[0;39m [32m INFO[0;39m [35m19880[0;39m [2m---[0;39m [2m[           main][0;39m [36mc.n.d.provider.DiscoveryJerseyProvider  [0;39m [2m:[0;39m Using XML encoding codec XStreamXml
[2m2019-11-12 13:31:57.394[0;39m [32m INFO[0;39m [35m19880[0;39m [2m---[0;39m [2m[           main][0;39m [36mc.n.d.provider.DiscoveryJerseyProvider  [0;39m [2m:[0;39m Using XML decoding codec XStreamXml
[2m2019-11-12 13:31:57.629[0;39m [32m INFO[0;39m [35m19880[0;39m [2m---[0;39m [2m[           main][0;39m [36mc.n.d.s.r.aws.ConfigClusterResolver     [0;39m [2m:[0;39m Resolving eureka endpoints via configuration
[2m2019-11-12 13:31:57.862[0;39m [32m INFO[0;39m [35m19880[0;39m [2m---[0;39m [2m[           main][0;39m [36mcom.netflix.discovery.DiscoveryClient   [0;39m [2m:[0;39m Disable delta property : false
[2m2019-11-12 13:31:57.863[0;39m [32m INFO[0;39m [35m19880[0;39m [2m---[0;39m [2m[           main][0;39m [36mcom.netflix.discovery.DiscoveryClient   [0;39m [2m:[0;39m Single vip registry refresh property : null
[2m2019-11-12 13:31:57.863[0;39m [32m INFO[0;39m [35m19880[0;39m [2m---[0;39m [2m[           main][0;39m [36mcom.netflix.discovery.DiscoveryClient   [0;39m [2m:[0;39m Force full registry fetch : false
[2m2019-11-12 13:31:57.863[0;39m [32m INFO[0;39m [35m19880[0;39m [2m---[0;39m [2m[           main][0;39m [36mcom.netflix.discovery.DiscoveryClient   [0;39m [2m:[0;39m Application is null : false
[2m2019-11-12 13:31:57.863[0;39m [32m INFO[0;39m [35m19880[0;39m [2m---[0;39m [2m[           main][0;39m [36mcom.netflix.discovery.DiscoveryClient   [0;39m [2m:[0;39m Registered Applications size is zero : true
[2m2019-11-12 13:31:57.863[0;39m [32m INFO[0;39m [35m19880[0;39m [2m---[0;39m [2m[           main][0;39m [36mcom.netflix.discovery.DiscoveryClient   [0;39m [2m:[0;39m Application version is -1: true
[2m2019-11-12 13:31:57.863[0;39m [32m INFO[0;39m [35m19880[0;39m [2m---[0;39m [2m[           main][0;39m [36mcom.netflix.discovery.DiscoveryClient   [0;39m [2m:[0;39m Getting all instance registry info from the eureka server
[2m2019-11-12 13:31:58.162[0;39m [32m INFO[0;39m [35m19880[0;39m [2m---[0;39m [2m[           main][0;39m [36mcom.netflix.discovery.DiscoveryClient   [0;39m [2m:[0;39m The response status is 200
[2m2019-11-12 13:31:58.164[0;39m [32m INFO[0;39m [35m19880[0;39m [2m---[0;39m [2m[           main][0;39m [36mcom.netflix.discovery.DiscoveryClient   [0;39m [2m:[0;39m Starting heartbeat executor: renew interval is: 30
[2m2019-11-12 13:31:58.169[0;39m [32m INFO[0;39m [35m19880[0;39m [2m---[0;39m [2m[           main][0;39m [36mc.n.discovery.InstanceInfoReplicator    [0;39m [2m:[0;39m InstanceInfoReplicator onDemand update allowed rate per min is 4
[2m2019-11-12 13:31:58.174[0;39m [32m INFO[0;39m [35m19880[0;39m [2m---[0;39m [2m[           main][0;39m [36mcom.netflix.discovery.DiscoveryClient   [0;39m [2m:[0;39m Discovery Client initialized at timestamp 1573536718173 with initial instances count: 0
[2m2019-11-12 13:31:58.177[0;39m [32m INFO[0;39m [35m19880[0;39m [2m---[0;39m [2m[           main][0;39m [36mo.s.c.n.e.s.EurekaServiceRegistry       [0;39m [2m:[0;39m Registering application ZUUL with eureka with status UP
[2m2019-11-12 13:31:58.178[0;39m [32m INFO[0;39m [35m19880[0;39m [2m---[0;39m [2m[           main][0;39m [36mcom.netflix.discovery.DiscoveryClient   [0;39m [2m:[0;39m Saw local status change event StatusChangeEvent [timestamp=1573536718178, current=UP, previous=STARTING]
[2m2019-11-12 13:31:58.182[0;39m [32m INFO[0;39m [35m19880[0;39m [2m---[0;39m [2m[nfoReplicator-0][0;39m [36mcom.netflix.discovery.DiscoveryClient   [0;39m [2m:[0;39m DiscoveryClient_ZUUL/luyang.fescohr.com:zuul:9006: registering service...
[2m2019-11-12 13:31:58.206[0;39m [32m INFO[0;39m [35m19880[0;39m [2m---[0;39m [2m[           main][0;39m [36mo.a.coyote.http11.Http11NioProtocol     [0;39m [2m:[0;39m Starting ProtocolHandler ["http-nio-9006"]
[2m2019-11-12 13:31:58.262[0;39m [32m INFO[0;39m [35m19880[0;39m [2m---[0;39m [2m[           main][0;39m [36mo.s.b.w.embedded.tomcat.TomcatWebServer [0;39m [2m:[0;39m Tomcat started on port(s): 9006 (http) with context path ''
[2m2019-11-12 13:31:58.264[0;39m [32m INFO[0;39m [35m19880[0;39m [2m---[0;39m [2m[           main][0;39m [36m.s.c.n.e.s.EurekaAutoServiceRegistration[0;39m [2m:[0;39m Updating port to 9006
[2m2019-11-12 13:31:58.347[0;39m [32m INFO[0;39m [35m19880[0;39m [2m---[0;39m [2m[nfoReplicator-0][0;39m [36mcom.netflix.discovery.DiscoveryClient   [0;39m [2m:[0;39m DiscoveryClient_ZUUL/luyang.fescohr.com:zuul:9006 - registration status: 204
[2m2019-11-12 13:31:58.760[0;39m [32m INFO[0;39m [35m19880[0;39m [2m---[0;39m [2m[           main][0;39m [36mcom.example.zuul.ZuulApplication        [0;39m [2m:[0;39m Started ZuulApplication in 11.189 seconds (JVM running for 14.766)
[2m2019-11-12 13:32:06.088[0;39m [32m INFO[0;39m [35m19880[0;39m [2m---[0;39m [2m[nio-9006-exec-3][0;39m [36mo.a.c.c.C.[Tomcat].[localhost].[/]      [0;39m [2m:[0;39m Initializing Spring DispatcherServlet 'dispatcherServlet'
[2m2019-11-12 13:32:06.089[0;39m [32m INFO[0;39m [35m19880[0;39m [2m---[0;39m [2m[nio-9006-exec-3][0;39m [36mo.s.web.servlet.DispatcherServlet       [0;39m [2m:[0;39m Initializing Servlet 'dispatcherServlet'
[2m2019-11-12 13:32:06.102[0;39m [32m INFO[0;39m [35m19880[0;39m [2m---[0;39m [2m[nio-9006-exec-3][0;39m [36mo.s.web.servlet.DispatcherServlet       [0;39m [2m:[0;39m Completed initialization in 11 ms
[2m2019-11-12 13:32:10.172[0;39m [32m INFO[0;39m [35m19880[0;39m [2m---[0;39m [2m[nio-9006-exec-1][0;39m [36mcom.example.zuul.shiro.CustomRealm      [0;39m [2m:[0;39m -------身份认证方法--------
[2m2019-11-12 13:32:10.172[0;39m [32m INFO[0;39m [35m19880[0;39m [2m---[0;39m [2m[nio-9006-exec-1][0;39m [36mcom.example.zuul.shiro.CustomRealm      [0;39m [2m:[0;39m userPwd--->123
[2m2019-11-12 13:32:28.168[0;39m [32m INFO[0;39m [35m19880[0;39m [2m---[0;39m [2m[freshExecutor-0][0;39m [36mcom.netflix.discovery.DiscoveryClient   [0;39m [2m:[0;39m Disable delta property : false
[2m2019-11-12 13:32:28.168[0;39m [32m INFO[0;39m [35m19880[0;39m [2m---[0;39m [2m[freshExecutor-0][0;39m [36mcom.netflix.discovery.DiscoveryClient   [0;39m [2m:[0;39m Single vip registry refresh property : null
[2m2019-11-12 13:32:28.170[0;39m [32m INFO[0;39m [35m19880[0;39m [2m---[0;39m [2m[freshExecutor-0][0;39m [36mcom.netflix.discovery.DiscoveryClient   [0;39m [2m:[0;39m Force full registry fetch : false
[2m2019-11-12 13:32:28.171[0;39m [32m INFO[0;39m [35m19880[0;39m [2m---[0;39m [2m[freshExecutor-0][0;39m [36mcom.netflix.discovery.DiscoveryClient   [0;39m [2m:[0;39m Application is null : false
[2m2019-11-12 13:32:28.171[0;39m [32m INFO[0;39m [35m19880[0;39m [2m---[0;39m [2m[freshExecutor-0][0;39m [36mcom.netflix.discovery.DiscoveryClient   [0;39m [2m:[0;39m Registered Applications size is zero : true
[2m2019-11-12 13:32:28.171[0;39m [32m INFO[0;39m [35m19880[0;39m [2m---[0;39m [2m[freshExecutor-0][0;39m [36mcom.netflix.discovery.DiscoveryClient   [0;39m [2m:[0;39m Application version is -1: false
[2m2019-11-12 13:32:28.171[0;39m [32m INFO[0;39m [35m19880[0;39m [2m---[0;39m [2m[freshExecutor-0][0;39m [36mcom.netflix.discovery.DiscoveryClient   [0;39m [2m:[0;39m Getting all instance registry info from the eureka server
[2m2019-11-12 13:32:28.226[0;39m [32m INFO[0;39m [35m19880[0;39m [2m---[0;39m [2m[freshExecutor-0][0;39m [36mcom.netflix.discovery.DiscoveryClient   [0;39m [2m:[0;39m The response status is 200
[2m2019-11-12 13:32:35.903[0;39m [32m INFO[0;39m [35m19880[0;39m [2m---[0;39m [2m[nio-9006-exec-2][0;39m [36mc.netflix.config.ChainedDynamicProperty [0;39m [2m:[0;39m Flipping property: service-person.ribbon.ActiveConnectionsLimit to use NEXT property: niws.loadbalancer.availabilityFilteringRule.activeConnectionsLimit = 2147483647
[2m2019-11-12 13:32:35.936[0;39m [32m INFO[0;39m [35m19880[0;39m [2m---[0;39m [2m[nio-9006-exec-2][0;39m [36mc.n.u.concurrent.ShutdownEnabledTimer   [0;39m [2m:[0;39m Shutdown hook installed for: NFLoadBalancer-PingTimer-service-person
[2m2019-11-12 13:32:35.937[0;39m [32m INFO[0;39m [35m19880[0;39m [2m---[0;39m [2m[nio-9006-exec-2][0;39m [36mc.netflix.loadbalancer.BaseLoadBalancer [0;39m [2m:[0;39m Client: service-person instantiated a LoadBalancer: DynamicServerListLoadBalancer:{NFLoadBalancer:name=service-person,current list of Servers=[],Load balancer stats=Zone stats: {},Server stats: []}ServerList:null
[2m2019-11-12 13:32:35.943[0;39m [32m INFO[0;39m [35m19880[0;39m [2m---[0;39m [2m[nio-9006-exec-2][0;39m [36mc.n.l.DynamicServerListLoadBalancer     [0;39m [2m:[0;39m Using serverListUpdater PollingServerListUpdater
[2m2019-11-12 13:32:35.972[0;39m [32m INFO[0;39m [35m19880[0;39m [2m---[0;39m [2m[nio-9006-exec-2][0;39m [36mc.netflix.config.ChainedDynamicProperty [0;39m [2m:[0;39m Flipping property: service-person.ribbon.ActiveConnectionsLimit to use NEXT property: niws.loadbalancer.availabilityFilteringRule.activeConnectionsLimit = 2147483647
[2m2019-11-12 13:32:35.975[0;39m [32m INFO[0;39m [35m19880[0;39m [2m---[0;39m [2m[nio-9006-exec-2][0;39m [36mc.n.l.DynamicServerListLoadBalancer     [0;39m [2m:[0;39m DynamicServerListLoadBalancer for client service-person initialized: DynamicServerListLoadBalancer:{NFLoadBalancer:name=service-person,current list of Servers=[luyang.fescohr.com:8762],Load balancer stats=Zone stats: {defaultzone=[Zone:defaultzone;	Instance count:1;	Active connections count: 0;	Circuit breaker tripped count: 0;	Active connections per server: 0.0;]
},Server stats: [[Server:luyang.fescohr.com:8762;	Zone:defaultZone;	Total Requests:0;	Successive connection failure:0;	Total blackout seconds:0;	Last connection made:Thu Jan 01 08:00:00 CST 1970;	First connection made: Thu Jan 01 08:00:00 CST 1970;	Active Connections:0;	total failure count in last (1000) msecs:0;	average resp time:0.0;	90 percentile resp time:0.0;	95 percentile resp time:0.0;	min resp time:0.0;	max resp time:0.0;	stddev resp time:0.0]
]}ServerList:org.springframework.cloud.netflix.ribbon.eureka.DomainExtractingServerList@55685cb5
[2m2019-11-12 13:32:36.946[0;39m [32m INFO[0;39m [35m19880[0;39m [2m---[0;39m [2m[erListUpdater-0][0;39m [36mc.netflix.config.ChainedDynamicProperty [0;39m [2m:[0;39m Flipping property: service-person.ribbon.ActiveConnectionsLimit to use NEXT property: niws.loadbalancer.availabilityFilteringRule.activeConnectionsLimit = 2147483647
[2m2019-11-12 13:32:53.633[0;39m [32m INFO[0;39m [35m19880[0;39m [2m---[0;39m [2m[nio-9006-exec-6][0;39m [36morg.apache.shiro.realm.AuthorizingRealm [0;39m [2m:[0;39m No cache or cacheManager properties have been set.  Authorization cache cannot be obtained.
[2m2019-11-12 13:33:25.173[0;39m [32m INFO[0;39m [35m19880[0;39m [2m---[0;39m [2m[nio-9006-exec-5][0;39m [36mcom.example.zuul.shiro.CustomRealm      [0;39m [2m:[0;39m -------身份认证方法--------
[2m2019-11-12 13:33:25.174[0;39m [32m INFO[0;39m [35m19880[0;39m [2m---[0;39m [2m[nio-9006-exec-5][0;39m [36mcom.example.zuul.shiro.CustomRealm      [0;39m [2m:[0;39m userPwd--->123
[2m2019-11-12 13:33:32.683[0;39m [32m INFO[0;39m [35m19880[0;39m [2m---[0;39m [2m[nio-9006-exec-4][0;39m [36mcom.example.zuul.shiro.CustomRealm      [0;39m [2m:[0;39m -------身份认证方法--------
[2m2019-11-12 13:33:32.684[0;39m [32m INFO[0;39m [35m19880[0;39m [2m---[0;39m [2m[nio-9006-exec-4][0;39m [36mcom.example.zuul.shiro.CustomRealm      [0;39m [2m:[0;39m userPwd--->123
[2m2019-11-12 13:33:58.249[0;39m [32m INFO[0;39m [35m19880[0;39m [2m---[0;39m [2m[nio-9006-exec-2][0;39m [36morg.apache.shiro.realm.AuthorizingRealm [0;39m [2m:[0;39m No cache or cacheManager properties have been set.  Authorization cache cannot be obtained.
